Tue, 18 Aug 2020 10:58:36 test_suite.py[line:26] DEBUG <unittest.suite.TestSuite tests=[<unittest.suite.TestSuite tests=[<unittest.suite.TestSuite tests=[<test_merchant_ableSale.AbleSale testMethod=test_ableSale1>, <test_merchant_ableSale.AbleSale testMethod=test_ableSale2>, <test_merchant_ableSale.AbleSale testMethod=test_ableSale3>]>]>, <unittest.suite.TestSuite tests=[<unittest.suite.TestSuite tests=[<test_merchant_disableSale.disableSale testMethod=test_disableSale1>, <test_merchant_disableSale.disableSale testMethod=test_disableSale2>, <test_merchant_disableSale.disableSale testMethod=test_disableSale3>, <test_merchant_disableSale.disableSale testMethod=test_disableSale4>, <test_merchant_disableSale.disableSale testMethod=test_disableSale5>]>]>, <unittest.suite.TestSuite tests=[<unittest.suite.TestSuite tests=[<test_merchant_login.TestLogin testMethod=test_login1>, <test_merchant_login.TestLogin testMethod=test_login2>, <test_merchant_login.TestLogin testMethod=test_login3>, <test_merchant_login.TestLogin testMethod=test_login4>, <test_merchant_login.TestLogin testMethod=test_login5>]>]>, <unittest.suite.TestSuite tests=[<unittest.suite.TestSuite tests=[<test_merchant_loginOut.LoginOut testMethod=test_login_out>]>]>, <unittest.suite.TestSuite tests=[<unittest.suite.TestSuite tests=[<test_merchant_uploadGoods.UploadGoods testMethod=test_uploadGoods>]>]>]>
Tue, 18 Aug 2020 10:58:38 connectionpool.py[line:955] DEBUG Starting new HTTPS connection (1): m-t1.vova.com.hk:443
Tue, 18 Aug 2020 10:58:39 connectionpool.py[line:428] DEBUG https://m-t1.vova.com.hk:443 "POST /api/v1/product/enableSale HTTP/1.1" 200 None
Tue, 18 Aug 2020 10:58:39 connectionpool.py[line:955] DEBUG Starting new HTTPS connection (1): m-t1.vova.com.hk:443
Tue, 18 Aug 2020 10:58:40 connectionpool.py[line:428] DEBUG https://m-t1.vova.com.hk:443 "POST /api/v1/product/enableSale HTTP/1.1" 200 None
Tue, 18 Aug 2020 10:58:40 connectionpool.py[line:955] DEBUG Starting new HTTPS connection (1): m-t1.vova.com.hk:443
Tue, 18 Aug 2020 10:58:41 connectionpool.py[line:428] DEBUG https://m-t1.vova.com.hk:443 "POST /api/v1/product/enableSale HTTP/1.1" 200 None
Tue, 18 Aug 2020 10:58:41 connectionpool.py[line:955] DEBUG Starting new HTTPS connection (1): m-t1.vova.com.hk:443
Tue, 18 Aug 2020 10:58:41 connectionpool.py[line:428] DEBUG https://m-t1.vova.com.hk:443 "POST /api/v1/product/enableSale HTTP/1.1" 200 None
Tue, 18 Aug 2020 10:58:41 connectionpool.py[line:955] DEBUG Starting new HTTPS connection (1): m-t1.vova.com.hk:443
Tue, 18 Aug 2020 10:58:42 connectionpool.py[line:428] DEBUG https://m-t1.vova.com.hk:443 "POST /api/v1/product/enableSale HTTP/1.1" 200 None
Tue, 18 Aug 2020 10:58:42 connectionpool.py[line:955] DEBUG Starting new HTTPS connection (1): m-t1.vova.com.hk:443
Tue, 18 Aug 2020 10:58:43 connectionpool.py[line:428] DEBUG https://m-t1.vova.com.hk:443 "POST /api/v1/product/enableSale HTTP/1.1" 200 None
Tue, 18 Aug 2020 10:58:43 connectionpool.py[line:955] DEBUG Starting new HTTPS connection (1): m-t1.vova.com.hk:443
Tue, 18 Aug 2020 10:58:44 connectionpool.py[line:428] DEBUG https://m-t1.vova.com.hk:443 "POST /api/v1/product/enableSale HTTP/1.1" 200 None
Tue, 18 Aug 2020 10:58:44 connectionpool.py[line:955] DEBUG Starting new HTTPS connection (1): m-t1.vova.com.hk:443
Tue, 18 Aug 2020 10:58:45 connectionpool.py[line:428] DEBUG https://m-t1.vova.com.hk:443 "POST /api/v1/product/enableSale HTTP/1.1" 200 None
Tue, 18 Aug 2020 10:58:45 connectionpool.py[line:955] DEBUG Starting new HTTPS connection (1): m-t1.vova.com.hk:443
Tue, 18 Aug 2020 10:58:45 connectionpool.py[line:428] DEBUG https://m-t1.vova.com.hk:443 "POST /api/v1/product/enableSale HTTP/1.1" 401 None
Tue, 18 Aug 2020 10:58:47 connectionpool.py[line:955] DEBUG Starting new HTTPS connection (1): m-t1.vova.com.hk:443
Tue, 18 Aug 2020 10:58:48 connectionpool.py[line:428] DEBUG https://m-t1.vova.com.hk:443 "POST /api/v1/product/enableSale HTTP/1.1" 401 None
Tue, 18 Aug 2020 10:58:49 connectionpool.py[line:955] DEBUG Starting new HTTPS connection (1): m-t1.vova.com.hk:443
Tue, 18 Aug 2020 10:58:50 connectionpool.py[line:428] DEBUG https://m-t1.vova.com.hk:443 "POST /api/v1/product/disableSale HTTP/1.1" 200 None
Tue, 18 Aug 2020 10:58:50 connectionpool.py[line:955] DEBUG Starting new HTTPS connection (1): m-t1.vova.com.hk:443
Tue, 18 Aug 2020 10:58:51 connectionpool.py[line:428] DEBUG https://m-t1.vova.com.hk:443 "POST /api/v1/product/disableSale HTTP/1.1" 200 None
Tue, 18 Aug 2020 10:58:57 connectionpool.py[line:955] DEBUG Starting new HTTPS connection (1): m-t1.vova.com.hk:443
Tue, 18 Aug 2020 10:58:58 connectionpool.py[line:428] DEBUG https://m-t1.vova.com.hk:443 "POST /api/v1/product/disableSale HTTP/1.1" 401 None
Tue, 18 Aug 2020 10:59:00 connectionpool.py[line:955] DEBUG Starting new HTTPS connection (1): m-t1.vova.com.hk:443
Tue, 18 Aug 2020 10:59:01 connectionpool.py[line:428] DEBUG https://m-t1.vova.com.hk:443 "POST /api/v1/product/disableSale HTTP/1.1" 200 None
Tue, 18 Aug 2020 10:59:02 connectionpool.py[line:955] DEBUG Starting new HTTPS connection (1): m-t1.vova.com.hk:443
Tue, 18 Aug 2020 10:59:03 connectionpool.py[line:428] DEBUG https://m-t1.vova.com.hk:443 "POST /api/v1/product/disableSale HTTP/1.1" 200 None
Tue, 18 Aug 2020 10:59:03 connectionpool.py[line:955] DEBUG Starting new HTTPS connection (1): m-t1.vova.com.hk:443
Tue, 18 Aug 2020 10:59:04 connectionpool.py[line:428] DEBUG https://m-t1.vova.com.hk:443 "POST /api/v1/product/disableSale HTTP/1.1" 200 None
Tue, 18 Aug 2020 10:59:04 connectionpool.py[line:955] DEBUG Starting new HTTPS connection (1): m-t1.vova.com.hk:443
Tue, 18 Aug 2020 10:59:05 connectionpool.py[line:428] DEBUG https://m-t1.vova.com.hk:443 "POST /api/v1/product/disableSale HTTP/1.1" 200 None
Tue, 18 Aug 2020 10:59:05 connectionpool.py[line:955] DEBUG Starting new HTTPS connection (1): m-t1.vova.com.hk:443
Tue, 18 Aug 2020 10:59:05 connectionpool.py[line:428] DEBUG https://m-t1.vova.com.hk:443 "POST /api/v1/product/disableSale HTTP/1.1" 200 None
Tue, 18 Aug 2020 10:59:05 connectionpool.py[line:955] DEBUG Starting new HTTPS connection (1): m-t1.vova.com.hk:443
Tue, 18 Aug 2020 10:59:06 connectionpool.py[line:428] DEBUG https://m-t1.vova.com.hk:443 "POST /api/v1/product/disableSale HTTP/1.1" 200 None
Tue, 18 Aug 2020 10:59:06 connectionpool.py[line:955] DEBUG Starting new HTTPS connection (1): m-t1.vova.com.hk:443
Tue, 18 Aug 2020 10:59:07 connectionpool.py[line:428] DEBUG https://m-t1.vova.com.hk:443 "POST /api/v1/product/disableSale HTTP/1.1" 200 None
Tue, 18 Aug 2020 10:59:07 connectionpool.py[line:955] DEBUG Starting new HTTPS connection (1): m-t1.vova.com.hk:443
Tue, 18 Aug 2020 10:59:08 connectionpool.py[line:428] DEBUG https://m-t1.vova.com.hk:443 "POST /api/v1/product/disableSale HTTP/1.1" 200 None
Tue, 18 Aug 2020 10:59:08 connectionpool.py[line:955] DEBUG Starting new HTTPS connection (1): m-t1.vova.com.hk:443
Tue, 18 Aug 2020 10:59:10 connectionpool.py[line:428] DEBUG https://m-t1.vova.com.hk:443 "POST /api/v1/product/disableSale HTTP/1.1" 200 None
Tue, 18 Aug 2020 10:59:10 connectionpool.py[line:955] DEBUG Starting new HTTPS connection (1): m-t1.vova.com.hk:443
Tue, 18 Aug 2020 10:59:11 connectionpool.py[line:428] DEBUG https://m-t1.vova.com.hk:443 "POST /api/v1/product/disableSale HTTP/1.1" 200 None
Tue, 18 Aug 2020 10:59:11 connectionpool.py[line:955] DEBUG Starting new HTTPS connection (1): m-t1.vova.com.hk:443
Tue, 18 Aug 2020 10:59:11 connectionpool.py[line:428] DEBUG https://m-t1.vova.com.hk:443 "POST /api/v1/product/disableSale HTTP/1.1" 200 None
Tue, 18 Aug 2020 10:59:11 connectionpool.py[line:955] DEBUG Starting new HTTPS connection (1): m-t1.vova.com.hk:443
Tue, 18 Aug 2020 10:59:12 connectionpool.py[line:428] DEBUG https://m-t1.vova.com.hk:443 "POST /api/v1/product/disableSale HTTP/1.1" 200 None
Tue, 18 Aug 2020 10:59:12 connectionpool.py[line:955] DEBUG Starting new HTTPS connection (1): m-t1.vova.com.hk:443
Tue, 18 Aug 2020 10:59:13 connectionpool.py[line:428] DEBUG https://m-t1.vova.com.hk:443 "POST /api/v1/product/disableSale HTTP/1.1" 200 None
Tue, 18 Aug 2020 10:59:13 connectionpool.py[line:955] DEBUG Starting new HTTPS connection (1): m-t1.vova.com.hk:443
Tue, 18 Aug 2020 10:59:14 connectionpool.py[line:428] DEBUG https://m-t1.vova.com.hk:443 "POST /api/v1/product/disableSale HTTP/1.1" 200 None
Tue, 18 Aug 2020 10:59:14 connectionpool.py[line:955] DEBUG Starting new HTTPS connection (1): m-t1.vova.com.hk:443
Tue, 18 Aug 2020 10:59:15 connectionpool.py[line:428] DEBUG https://m-t1.vova.com.hk:443 "POST /api/v1/product/disableSale HTTP/1.1" 200 None
Tue, 18 Aug 2020 10:59:15 connectionpool.py[line:955] DEBUG Starting new HTTPS connection (1): m-t1.vova.com.hk:443
Tue, 18 Aug 2020 10:59:16 connectionpool.py[line:428] DEBUG https://m-t1.vova.com.hk:443 "POST /api/v1/product/disableSale HTTP/1.1" 200 None
Tue, 18 Aug 2020 10:59:16 connectionpool.py[line:955] DEBUG Starting new HTTPS connection (1): m-t1.vova.com.hk:443
Tue, 18 Aug 2020 10:59:16 connectionpool.py[line:428] DEBUG https://m-t1.vova.com.hk:443 "POST /api/v1/product/disableSale HTTP/1.1" 200 None
Tue, 18 Aug 2020 10:59:16 connectionpool.py[line:955] DEBUG Starting new HTTPS connection (1): m-t1.vova.com.hk:443
Tue, 18 Aug 2020 10:59:17 connectionpool.py[line:428] DEBUG https://m-t1.vova.com.hk:443 "POST /api/v1/product/disableSale HTTP/1.1" 200 None
Tue, 18 Aug 2020 10:59:17 connectionpool.py[line:955] DEBUG Starting new HTTPS connection (1): m-t1.vova.com.hk:443
Tue, 18 Aug 2020 10:59:18 connectionpool.py[line:428] DEBUG https://m-t1.vova.com.hk:443 "POST /api/v1/product/disableSale HTTP/1.1" 200 None
Tue, 18 Aug 2020 10:59:18 connectionpool.py[line:955] DEBUG Starting new HTTPS connection (1): m-t1.vova.com.hk:443
Tue, 18 Aug 2020 10:59:19 connectionpool.py[line:428] DEBUG https://m-t1.vova.com.hk:443 "POST /api/v1/product/disableSale HTTP/1.1" 200 None
Tue, 18 Aug 2020 10:59:19 connectionpool.py[line:955] DEBUG Starting new HTTPS connection (1): m-t1.vova.com.hk:443
Tue, 18 Aug 2020 10:59:20 connectionpool.py[line:428] DEBUG https://m-t1.vova.com.hk:443 "POST /api/v1/product/disableSale HTTP/1.1" 200 None
Tue, 18 Aug 2020 10:59:20 connectionpool.py[line:955] DEBUG Starting new HTTPS connection (1): m-t1.vova.com.hk:443
Tue, 18 Aug 2020 10:59:20 connectionpool.py[line:428] DEBUG https://m-t1.vova.com.hk:443 "POST /api/v1/product/disableSale HTTP/1.1" 200 None
Tue, 18 Aug 2020 10:59:20 connectionpool.py[line:955] DEBUG Starting new HTTPS connection (1): m-t1.vova.com.hk:443
Tue, 18 Aug 2020 10:59:21 connectionpool.py[line:428] DEBUG https://m-t1.vova.com.hk:443 "POST /api/v1/product/disableSale HTTP/1.1" 200 None
Tue, 18 Aug 2020 10:59:21 connectionpool.py[line:955] DEBUG Starting new HTTPS connection (1): m-t1.vova.com.hk:443
Tue, 18 Aug 2020 10:59:22 connectionpool.py[line:428] DEBUG https://m-t1.vova.com.hk:443 "POST /api/v1/product/disableSale HTTP/1.1" 200 None
Tue, 18 Aug 2020 10:59:22 connectionpool.py[line:955] DEBUG Starting new HTTPS connection (1): m-t1.vova.com.hk:443
Tue, 18 Aug 2020 10:59:23 connectionpool.py[line:428] DEBUG https://m-t1.vova.com.hk:443 "POST /api/v1/product/disableSale HTTP/1.1" 200 None
Tue, 18 Aug 2020 10:59:23 connectionpool.py[line:955] DEBUG Starting new HTTPS connection (1): m-t1.vova.com.hk:443
Tue, 18 Aug 2020 10:59:24 connectionpool.py[line:428] DEBUG https://m-t1.vova.com.hk:443 "POST /api/v1/product/disableSale HTTP/1.1" 200 None
Tue, 18 Aug 2020 10:59:24 connectionpool.py[line:937] DEBUG Starting new HTTPS connection (1): m-t1.vova.com.hk:443
Tue, 18 Aug 2020 10:59:25 connectionpool.py[line:433] DEBUG https://m-t1.vova.com.hk:443 "POST /index.php?q=admin/main/index/login HTTP/1.1" 200 None
Tue, 18 Aug 2020 10:59:25 connectionpool.py[line:937] DEBUG Starting new HTTPS connection (1): m-t1.vova.com.hk:443
Tue, 18 Aug 2020 10:59:26 connectionpool.py[line:433] DEBUG https://m-t1.vova.com.hk:443 "POST /index.php?q=admin/main/index/login HTTP/1.1" 200 None
Tue, 18 Aug 2020 10:59:26 connectionpool.py[line:937] DEBUG Starting new HTTPS connection (1): m-t1.vova.com.hk:443
Tue, 18 Aug 2020 10:59:26 connectionpool.py[line:433] DEBUG https://m-t1.vova.com.hk:443 "POST /index.php?q=admin/main/index/login HTTP/1.1" 200 None
Tue, 18 Aug 2020 10:59:26 connectionpool.py[line:937] DEBUG Starting new HTTPS connection (1): m-t1.vova.com.hk:443
Tue, 18 Aug 2020 10:59:27 connectionpool.py[line:433] DEBUG https://m-t1.vova.com.hk:443 "POST /index.php?q=admin/main/index/login HTTP/1.1" 200 None
Tue, 18 Aug 2020 10:59:27 connectionpool.py[line:937] DEBUG Starting new HTTPS connection (1): m-t1.vova.com.hk:443
Tue, 18 Aug 2020 10:59:28 connectionpool.py[line:433] DEBUG https://m-t1.vova.com.hk:443 "POST /index.php?q=admin/main/index/login HTTP/1.1" 200 None
Tue, 18 Aug 2020 10:59:28 connectionpool.py[line:937] DEBUG Starting new HTTPS connection (1): m-t1.vova.com.hk:443
Tue, 18 Aug 2020 10:59:29 connectionpool.py[line:433] DEBUG https://m-t1.vova.com.hk:443 "GET /index.php?q=admin/main/index/logout HTTP/1.1" 302 None
