Tue, 18 Aug 2020 10:40:20 test_suite.py[line:26] DEBUG <unittest.suite.TestSuite tests=[<unittest.suite.TestSuite tests=[<unittest.suite.TestSuite tests=[<test_merchant_ableSale.AbleSale testMethod=test_ableSale1>, <test_merchant_ableSale.AbleSale testMethod=test_ableSale2>, <test_merchant_ableSale.AbleSale testMethod=test_ableSale3>]>]>, <unittest.suite.TestSuite tests=[<unittest.suite.TestSuite tests=[<test_merchant_disableSale.disableSale testMethod=test_disableSale1>, <test_merchant_disableSale.disableSale testMethod=test_disableSale2>, <test_merchant_disableSale.disableSale testMethod=test_disableSale3>, <test_merchant_disableSale.disableSale testMethod=test_disableSale4>, <test_merchant_disableSale.disableSale testMethod=test_disableSale5>]>]>, <unittest.suite.TestSuite tests=[<unittest.suite.TestSuite tests=[<test_merchant_login.TestLogin testMethod=test_login1>, <test_merchant_login.TestLogin testMethod=test_login2>, <test_merchant_login.TestLogin testMethod=test_login3>, <test_merchant_login.TestLogin testMethod=test_login4>, <test_merchant_login.TestLogin testMethod=test_login5>]>]>, <unittest.suite.TestSuite tests=[<unittest.suite.TestSuite tests=[<test_merchant_loginOut.LoginOut testMethod=test_login_out>]>]>, <unittest.suite.TestSuite tests=[<unittest.suite.TestSuite tests=[<test_merchant_uploadGoods.UploadGoods testMethod=test_uploadGoods>]>]>]>
Tue, 18 Aug 2020 10:40:22 connectionpool.py[line:955] DEBUG Starting new HTTPS connection (1): m-t1.vova.com.hk:443
Tue, 18 Aug 2020 10:40:23 connectionpool.py[line:428] DEBUG https://m-t1.vova.com.hk:443 "POST /api/v1/product/enableSale HTTP/1.1" 200 None
Tue, 18 Aug 2020 10:40:23 connectionpool.py[line:955] DEBUG Starting new HTTPS connection (1): m-t1.vova.com.hk:443
Tue, 18 Aug 2020 10:40:24 connectionpool.py[line:428] DEBUG https://m-t1.vova.com.hk:443 "POST /api/v1/product/enableSale HTTP/1.1" 200 None
Tue, 18 Aug 2020 10:40:24 connectionpool.py[line:955] DEBUG Starting new HTTPS connection (1): m-t1.vova.com.hk:443
Tue, 18 Aug 2020 10:40:24 connectionpool.py[line:428] DEBUG https://m-t1.vova.com.hk:443 "POST /api/v1/product/enableSale HTTP/1.1" 200 None
Tue, 18 Aug 2020 10:40:24 connectionpool.py[line:955] DEBUG Starting new HTTPS connection (1): m-t1.vova.com.hk:443
Tue, 18 Aug 2020 10:40:25 connectionpool.py[line:428] DEBUG https://m-t1.vova.com.hk:443 "POST /api/v1/product/enableSale HTTP/1.1" 200 None
Tue, 18 Aug 2020 10:40:25 connectionpool.py[line:955] DEBUG Starting new HTTPS connection (1): m-t1.vova.com.hk:443
Tue, 18 Aug 2020 10:40:26 connectionpool.py[line:428] DEBUG https://m-t1.vova.com.hk:443 "POST /api/v1/product/enableSale HTTP/1.1" 200 None
Tue, 18 Aug 2020 10:40:26 connectionpool.py[line:955] DEBUG Starting new HTTPS connection (1): m-t1.vova.com.hk:443
Tue, 18 Aug 2020 10:40:27 connectionpool.py[line:428] DEBUG https://m-t1.vova.com.hk:443 "POST /api/v1/product/enableSale HTTP/1.1" 200 None
Tue, 18 Aug 2020 10:40:27 connectionpool.py[line:955] DEBUG Starting new HTTPS connection (1): m-t1.vova.com.hk:443
Tue, 18 Aug 2020 10:40:28 connectionpool.py[line:428] DEBUG https://m-t1.vova.com.hk:443 "POST /api/v1/product/enableSale HTTP/1.1" 401 None
Tue, 18 Aug 2020 10:40:30 connectionpool.py[line:955] DEBUG Starting new HTTPS connection (1): m-t1.vova.com.hk:443
Tue, 18 Aug 2020 10:40:31 connectionpool.py[line:428] DEBUG https://m-t1.vova.com.hk:443 "POST /api/v1/product/enableSale HTTP/1.1" 401 None
Tue, 18 Aug 2020 10:40:33 connectionpool.py[line:955] DEBUG Starting new HTTPS connection (1): m-t1.vova.com.hk:443
Tue, 18 Aug 2020 10:40:33 connectionpool.py[line:428] DEBUG https://m-t1.vova.com.hk:443 "POST /api/v1/product/disableSale HTTP/1.1" 200 None
Tue, 18 Aug 2020 10:40:33 connectionpool.py[line:955] DEBUG Starting new HTTPS connection (1): m-t1.vova.com.hk:443
Tue, 18 Aug 2020 10:40:34 connectionpool.py[line:428] DEBUG https://m-t1.vova.com.hk:443 "POST /api/v1/product/disableSale HTTP/1.1" 200 None
Tue, 18 Aug 2020 10:40:36 connectionpool.py[line:955] DEBUG Starting new HTTPS connection (1): m-t1.vova.com.hk:443
Tue, 18 Aug 2020 10:40:37 connectionpool.py[line:428] DEBUG https://m-t1.vova.com.hk:443 "POST /api/v1/product/disableSale HTTP/1.1" 401 None
Tue, 18 Aug 2020 10:40:38 connectionpool.py[line:955] DEBUG Starting new HTTPS connection (1): m-t1.vova.com.hk:443
Tue, 18 Aug 2020 10:40:41 connectionpool.py[line:428] DEBUG https://m-t1.vova.com.hk:443 "POST /api/v1/product/disableSale HTTP/1.1" 200 None
Tue, 18 Aug 2020 10:40:43 connectionpool.py[line:955] DEBUG Starting new HTTPS connection (1): m-t1.vova.com.hk:443
Tue, 18 Aug 2020 10:40:43 connectionpool.py[line:428] DEBUG https://m-t1.vova.com.hk:443 "POST /api/v1/product/disableSale HTTP/1.1" 200 None
Tue, 18 Aug 2020 10:40:43 connectionpool.py[line:955] DEBUG Starting new HTTPS connection (1): m-t1.vova.com.hk:443
Tue, 18 Aug 2020 10:40:44 connectionpool.py[line:428] DEBUG https://m-t1.vova.com.hk:443 "POST /api/v1/product/disableSale HTTP/1.1" 200 None
Tue, 18 Aug 2020 10:40:44 connectionpool.py[line:955] DEBUG Starting new HTTPS connection (1): m-t1.vova.com.hk:443
Tue, 18 Aug 2020 10:40:45 connectionpool.py[line:428] DEBUG https://m-t1.vova.com.hk:443 "POST /api/v1/product/disableSale HTTP/1.1" 200 None
Tue, 18 Aug 2020 10:40:45 connectionpool.py[line:955] DEBUG Starting new HTTPS connection (1): m-t1.vova.com.hk:443
Tue, 18 Aug 2020 10:40:46 connectionpool.py[line:428] DEBUG https://m-t1.vova.com.hk:443 "POST /api/v1/product/disableSale HTTP/1.1" 200 None
Tue, 18 Aug 2020 10:40:46 connectionpool.py[line:955] DEBUG Starting new HTTPS connection (1): m-t1.vova.com.hk:443
Tue, 18 Aug 2020 10:40:47 connectionpool.py[line:428] DEBUG https://m-t1.vova.com.hk:443 "POST /api/v1/product/disableSale HTTP/1.1" 200 None
Tue, 18 Aug 2020 10:40:47 connectionpool.py[line:955] DEBUG Starting new HTTPS connection (1): m-t1.vova.com.hk:443
Tue, 18 Aug 2020 10:40:47 connectionpool.py[line:428] DEBUG https://m-t1.vova.com.hk:443 "POST /api/v1/product/disableSale HTTP/1.1" 200 None
Tue, 18 Aug 2020 10:40:47 connectionpool.py[line:955] DEBUG Starting new HTTPS connection (1): m-t1.vova.com.hk:443
Tue, 18 Aug 2020 10:40:48 connectionpool.py[line:428] DEBUG https://m-t1.vova.com.hk:443 "POST /api/v1/product/disableSale HTTP/1.1" 200 None
Tue, 18 Aug 2020 10:40:48 connectionpool.py[line:955] DEBUG Starting new HTTPS connection (1): m-t1.vova.com.hk:443
Tue, 18 Aug 2020 10:40:49 connectionpool.py[line:428] DEBUG https://m-t1.vova.com.hk:443 "POST /api/v1/product/disableSale HTTP/1.1" 200 None
Tue, 18 Aug 2020 10:40:49 connectionpool.py[line:955] DEBUG Starting new HTTPS connection (1): m-t1.vova.com.hk:443
Tue, 18 Aug 2020 10:40:50 connectionpool.py[line:428] DEBUG https://m-t1.vova.com.hk:443 "POST /api/v1/product/disableSale HTTP/1.1" 200 None
Tue, 18 Aug 2020 10:40:50 connectionpool.py[line:955] DEBUG Starting new HTTPS connection (1): m-t1.vova.com.hk:443
Tue, 18 Aug 2020 10:40:51 connectionpool.py[line:428] DEBUG https://m-t1.vova.com.hk:443 "POST /api/v1/product/disableSale HTTP/1.1" 200 None
Tue, 18 Aug 2020 10:40:51 connectionpool.py[line:955] DEBUG Starting new HTTPS connection (1): m-t1.vova.com.hk:443
Tue, 18 Aug 2020 10:40:51 connectionpool.py[line:428] DEBUG https://m-t1.vova.com.hk:443 "POST /api/v1/product/disableSale HTTP/1.1" 200 None
Tue, 18 Aug 2020 10:40:51 connectionpool.py[line:955] DEBUG Starting new HTTPS connection (1): m-t1.vova.com.hk:443
Tue, 18 Aug 2020 10:40:52 connectionpool.py[line:428] DEBUG https://m-t1.vova.com.hk:443 "POST /api/v1/product/disableSale HTTP/1.1" 200 None
Tue, 18 Aug 2020 10:40:52 connectionpool.py[line:955] DEBUG Starting new HTTPS connection (1): m-t1.vova.com.hk:443
Tue, 18 Aug 2020 10:40:53 connectionpool.py[line:428] DEBUG https://m-t1.vova.com.hk:443 "POST /api/v1/product/disableSale HTTP/1.1" 200 None
Tue, 18 Aug 2020 10:40:53 connectionpool.py[line:955] DEBUG Starting new HTTPS connection (1): m-t1.vova.com.hk:443
Tue, 18 Aug 2020 10:40:55 connectionpool.py[line:428] DEBUG https://m-t1.vova.com.hk:443 "POST /api/v1/product/disableSale HTTP/1.1" 200 None
Tue, 18 Aug 2020 10:40:55 connectionpool.py[line:955] DEBUG Starting new HTTPS connection (1): m-t1.vova.com.hk:443
Tue, 18 Aug 2020 10:40:55 connectionpool.py[line:428] DEBUG https://m-t1.vova.com.hk:443 "POST /api/v1/product/disableSale HTTP/1.1" 200 None
Tue, 18 Aug 2020 10:40:55 connectionpool.py[line:955] DEBUG Starting new HTTPS connection (1): m-t1.vova.com.hk:443
Tue, 18 Aug 2020 10:40:56 connectionpool.py[line:428] DEBUG https://m-t1.vova.com.hk:443 "POST /api/v1/product/disableSale HTTP/1.1" 200 None
Tue, 18 Aug 2020 10:40:56 connectionpool.py[line:955] DEBUG Starting new HTTPS connection (1): m-t1.vova.com.hk:443
Tue, 18 Aug 2020 10:40:57 connectionpool.py[line:428] DEBUG https://m-t1.vova.com.hk:443 "POST /api/v1/product/disableSale HTTP/1.1" 200 None
Tue, 18 Aug 2020 10:40:57 connectionpool.py[line:955] DEBUG Starting new HTTPS connection (1): m-t1.vova.com.hk:443
Tue, 18 Aug 2020 10:40:58 connectionpool.py[line:428] DEBUG https://m-t1.vova.com.hk:443 "POST /api/v1/product/disableSale HTTP/1.1" 200 None
Tue, 18 Aug 2020 10:40:58 connectionpool.py[line:955] DEBUG Starting new HTTPS connection (1): m-t1.vova.com.hk:443
Tue, 18 Aug 2020 10:40:59 connectionpool.py[line:428] DEBUG https://m-t1.vova.com.hk:443 "POST /api/v1/product/disableSale HTTP/1.1" 200 None
Tue, 18 Aug 2020 10:40:59 connectionpool.py[line:955] DEBUG Starting new HTTPS connection (1): m-t1.vova.com.hk:443
Tue, 18 Aug 2020 10:40:59 connectionpool.py[line:428] DEBUG https://m-t1.vova.com.hk:443 "POST /api/v1/product/disableSale HTTP/1.1" 200 None
Tue, 18 Aug 2020 10:40:59 connectionpool.py[line:955] DEBUG Starting new HTTPS connection (1): m-t1.vova.com.hk:443
Tue, 18 Aug 2020 10:41:00 connectionpool.py[line:428] DEBUG https://m-t1.vova.com.hk:443 "POST /api/v1/product/disableSale HTTP/1.1" 200 None
Tue, 18 Aug 2020 10:41:00 connectionpool.py[line:955] DEBUG Starting new HTTPS connection (1): m-t1.vova.com.hk:443
Tue, 18 Aug 2020 10:41:01 connectionpool.py[line:428] DEBUG https://m-t1.vova.com.hk:443 "POST /api/v1/product/disableSale HTTP/1.1" 200 None
Tue, 18 Aug 2020 10:41:01 connectionpool.py[line:955] DEBUG Starting new HTTPS connection (1): m-t1.vova.com.hk:443
Tue, 18 Aug 2020 10:41:02 connectionpool.py[line:428] DEBUG https://m-t1.vova.com.hk:443 "POST /api/v1/product/disableSale HTTP/1.1" 200 None
Tue, 18 Aug 2020 10:41:02 connectionpool.py[line:955] DEBUG Starting new HTTPS connection (1): m-t1.vova.com.hk:443
Tue, 18 Aug 2020 10:41:03 connectionpool.py[line:428] DEBUG https://m-t1.vova.com.hk:443 "POST /api/v1/product/disableSale HTTP/1.1" 200 None
Tue, 18 Aug 2020 10:41:03 connectionpool.py[line:955] DEBUG Starting new HTTPS connection (1): m-t1.vova.com.hk:443
Tue, 18 Aug 2020 10:41:04 connectionpool.py[line:428] DEBUG https://m-t1.vova.com.hk:443 "POST /api/v1/product/disableSale HTTP/1.1" 200 None
Tue, 18 Aug 2020 10:41:04 connectionpool.py[line:955] DEBUG Starting new HTTPS connection (1): m-t1.vova.com.hk:443
Tue, 18 Aug 2020 10:41:04 connectionpool.py[line:428] DEBUG https://m-t1.vova.com.hk:443 "POST /api/v1/product/disableSale HTTP/1.1" 200 None
Tue, 18 Aug 2020 10:41:04 connectionpool.py[line:955] DEBUG Starting new HTTPS connection (1): m-t1.vova.com.hk:443
Tue, 18 Aug 2020 10:41:06 connectionpool.py[line:428] DEBUG https://m-t1.vova.com.hk:443 "POST /api/v1/product/disableSale HTTP/1.1" 200 None
Tue, 18 Aug 2020 10:41:06 connectionpool.py[line:937] DEBUG Starting new HTTPS connection (1): m-t1.vova.com.hk:443
Tue, 18 Aug 2020 10:41:06 connectionpool.py[line:433] DEBUG https://m-t1.vova.com.hk:443 "POST /index.php?q=admin/main/index/login HTTP/1.1" 200 None
Tue, 18 Aug 2020 10:41:06 connectionpool.py[line:937] DEBUG Starting new HTTPS connection (1): m-t1.vova.com.hk:443
Tue, 18 Aug 2020 10:41:07 connectionpool.py[line:433] DEBUG https://m-t1.vova.com.hk:443 "POST /index.php?q=admin/main/index/login HTTP/1.1" 200 None
Tue, 18 Aug 2020 10:41:07 connectionpool.py[line:937] DEBUG Starting new HTTPS connection (1): m-t1.vova.com.hk:443
Tue, 18 Aug 2020 10:41:08 connectionpool.py[line:433] DEBUG https://m-t1.vova.com.hk:443 "POST /index.php?q=admin/main/index/login HTTP/1.1" 200 None
Tue, 18 Aug 2020 10:41:08 connectionpool.py[line:937] DEBUG Starting new HTTPS connection (1): m-t1.vova.com.hk:443
Tue, 18 Aug 2020 10:41:10 connectionpool.py[line:433] DEBUG https://m-t1.vova.com.hk:443 "POST /index.php?q=admin/main/index/login HTTP/1.1" 200 None
Tue, 18 Aug 2020 10:41:10 connectionpool.py[line:937] DEBUG Starting new HTTPS connection (1): m-t1.vova.com.hk:443
Tue, 18 Aug 2020 10:41:10 connectionpool.py[line:433] DEBUG https://m-t1.vova.com.hk:443 "POST /index.php?q=admin/main/index/login HTTP/1.1" 200 None
Tue, 18 Aug 2020 10:41:10 connectionpool.py[line:937] DEBUG Starting new HTTPS connection (1): m-t1.vova.com.hk:443
Tue, 18 Aug 2020 10:41:11 connectionpool.py[line:433] DEBUG https://m-t1.vova.com.hk:443 "GET /index.php?q=admin/main/index/logout HTTP/1.1" 302 None
