Mon, 17 Aug 2020 11:20:13 test_suite.py[line:26] DEBUG <unittest.suite.TestSuite tests=[<unittest.suite.TestSuite tests=[<unittest.suite.TestSuite tests=[<test_merchant_ableSale.AbleSale testMethod=test_ableSale1>, <test_merchant_ableSale.AbleSale testMethod=test_ableSale2>, <test_merchant_ableSale.AbleSale testMethod=test_ableSale3>]>]>, <unittest.suite.TestSuite tests=[<unittest.suite.TestSuite tests=[<test_merchant_disableSale.disableSale testMethod=test_disableSale1>, <test_merchant_disableSale.disableSale testMethod=test_disableSale2>, <test_merchant_disableSale.disableSale testMethod=test_disableSale3>, <test_merchant_disableSale.disableSale testMethod=test_disableSale4>, <test_merchant_disableSale.disableSale testMethod=test_disableSale5>]>]>, <unittest.suite.TestSuite tests=[<unittest.suite.TestSuite tests=[<test_merchant_login.TestLogin testMethod=test_login1>, <test_merchant_login.TestLogin testMethod=test_login2>, <test_merchant_login.TestLogin testMethod=test_login3>, <test_merchant_login.TestLogin testMethod=test_login4>, <test_merchant_login.TestLogin testMethod=test_login5>]>]>, <unittest.suite.TestSuite tests=[<unittest.suite.TestSuite tests=[<test_merchant_loginOut.LoginOut testMethod=test_login_out>]>]>, <unittest.suite.TestSuite tests=[<unittest.suite.TestSuite tests=[<test_merchant_uploadGoods.UploadGoods testMethod=test_uploadGoods>]>]>]>
Mon, 17 Aug 2020 11:20:15 connectionpool.py[line:955] DEBUG Starting new HTTPS connection (1): m-t1.vova.com.hk:443
Mon, 17 Aug 2020 11:20:16 connectionpool.py[line:428] DEBUG https://m-t1.vova.com.hk:443 "POST /api/v1/product/enableSale HTTP/1.1" 200 None
Mon, 17 Aug 2020 11:20:16 connectionpool.py[line:955] DEBUG Starting new HTTPS connection (1): m-t1.vova.com.hk:443
Mon, 17 Aug 2020 11:20:17 connectionpool.py[line:428] DEBUG https://m-t1.vova.com.hk:443 "POST /api/v1/product/enableSale HTTP/1.1" 200 None
Mon, 17 Aug 2020 11:20:17 connectionpool.py[line:955] DEBUG Starting new HTTPS connection (1): m-t1.vova.com.hk:443
Mon, 17 Aug 2020 11:20:17 connectionpool.py[line:428] DEBUG https://m-t1.vova.com.hk:443 "POST /api/v1/product/enableSale HTTP/1.1" 200 None
Mon, 17 Aug 2020 11:20:17 connectionpool.py[line:955] DEBUG Starting new HTTPS connection (1): m-t1.vova.com.hk:443
Mon, 17 Aug 2020 11:20:18 connectionpool.py[line:428] DEBUG https://m-t1.vova.com.hk:443 "POST /api/v1/product/enableSale HTTP/1.1" 200 None
Mon, 17 Aug 2020 11:20:18 connectionpool.py[line:955] DEBUG Starting new HTTPS connection (1): m-t1.vova.com.hk:443
Mon, 17 Aug 2020 11:20:19 connectionpool.py[line:428] DEBUG https://m-t1.vova.com.hk:443 "POST /api/v1/product/enableSale HTTP/1.1" 200 None
Mon, 17 Aug 2020 11:20:19 connectionpool.py[line:955] DEBUG Starting new HTTPS connection (1): m-t1.vova.com.hk:443
Mon, 17 Aug 2020 11:20:20 connectionpool.py[line:428] DEBUG https://m-t1.vova.com.hk:443 "POST /api/v1/product/enableSale HTTP/1.1" 401 None
Mon, 17 Aug 2020 11:20:21 connectionpool.py[line:955] DEBUG Starting new HTTPS connection (1): m-t1.vova.com.hk:443
Mon, 17 Aug 2020 11:20:22 connectionpool.py[line:428] DEBUG https://m-t1.vova.com.hk:443 "POST /api/v1/product/enableSale HTTP/1.1" 401 None
Mon, 17 Aug 2020 11:20:24 connectionpool.py[line:955] DEBUG Starting new HTTPS connection (1): m-t1.vova.com.hk:443
Mon, 17 Aug 2020 11:20:25 connectionpool.py[line:428] DEBUG https://m-t1.vova.com.hk:443 "POST /api/v1/product/disableSale HTTP/1.1" 200 None
Mon, 17 Aug 2020 11:20:25 connectionpool.py[line:955] DEBUG Starting new HTTPS connection (1): m-t1.vova.com.hk:443
Mon, 17 Aug 2020 11:20:26 connectionpool.py[line:428] DEBUG https://m-t1.vova.com.hk:443 "POST /api/v1/product/disableSale HTTP/1.1" 200 None
Mon, 17 Aug 2020 11:20:28 connectionpool.py[line:955] DEBUG Starting new HTTPS connection (1): m-t1.vova.com.hk:443
Mon, 17 Aug 2020 11:20:29 connectionpool.py[line:428] DEBUG https://m-t1.vova.com.hk:443 "POST /api/v1/product/disableSale HTTP/1.1" 401 None
Mon, 17 Aug 2020 11:20:30 connectionpool.py[line:955] DEBUG Starting new HTTPS connection (1): m-t1.vova.com.hk:443
Mon, 17 Aug 2020 11:20:31 connectionpool.py[line:428] DEBUG https://m-t1.vova.com.hk:443 "POST /api/v1/product/disableSale HTTP/1.1" 200 None
Mon, 17 Aug 2020 11:20:33 connectionpool.py[line:955] DEBUG Starting new HTTPS connection (1): m-t1.vova.com.hk:443
Mon, 17 Aug 2020 11:20:34 connectionpool.py[line:428] DEBUG https://m-t1.vova.com.hk:443 "POST /api/v1/product/disableSale HTTP/1.1" 200 None
Mon, 17 Aug 2020 11:20:34 connectionpool.py[line:955] DEBUG Starting new HTTPS connection (1): m-t1.vova.com.hk:443
Mon, 17 Aug 2020 11:20:35 connectionpool.py[line:428] DEBUG https://m-t1.vova.com.hk:443 "POST /api/v1/product/disableSale HTTP/1.1" 200 None
Mon, 17 Aug 2020 11:20:35 connectionpool.py[line:955] DEBUG Starting new HTTPS connection (1): m-t1.vova.com.hk:443
Mon, 17 Aug 2020 11:20:35 connectionpool.py[line:428] DEBUG https://m-t1.vova.com.hk:443 "POST /api/v1/product/disableSale HTTP/1.1" 200 None
Mon, 17 Aug 2020 11:20:35 connectionpool.py[line:955] DEBUG Starting new HTTPS connection (1): m-t1.vova.com.hk:443
Mon, 17 Aug 2020 11:20:36 connectionpool.py[line:428] DEBUG https://m-t1.vova.com.hk:443 "POST /api/v1/product/disableSale HTTP/1.1" 200 None
Mon, 17 Aug 2020 11:20:36 connectionpool.py[line:955] DEBUG Starting new HTTPS connection (1): m-t1.vova.com.hk:443
Mon, 17 Aug 2020 11:20:37 connectionpool.py[line:428] DEBUG https://m-t1.vova.com.hk:443 "POST /api/v1/product/disableSale HTTP/1.1" 200 None
Mon, 17 Aug 2020 11:20:37 connectionpool.py[line:955] DEBUG Starting new HTTPS connection (1): m-t1.vova.com.hk:443
Mon, 17 Aug 2020 11:20:38 connectionpool.py[line:428] DEBUG https://m-t1.vova.com.hk:443 "POST /api/v1/product/disableSale HTTP/1.1" 200 None
Mon, 17 Aug 2020 11:20:38 connectionpool.py[line:955] DEBUG Starting new HTTPS connection (1): m-t1.vova.com.hk:443
Mon, 17 Aug 2020 11:20:39 connectionpool.py[line:428] DEBUG https://m-t1.vova.com.hk:443 "POST /api/v1/product/disableSale HTTP/1.1" 200 None
Mon, 17 Aug 2020 11:20:39 connectionpool.py[line:955] DEBUG Starting new HTTPS connection (1): m-t1.vova.com.hk:443
Mon, 17 Aug 2020 11:20:40 connectionpool.py[line:428] DEBUG https://m-t1.vova.com.hk:443 "POST /api/v1/product/disableSale HTTP/1.1" 200 None
Mon, 17 Aug 2020 11:20:40 connectionpool.py[line:955] DEBUG Starting new HTTPS connection (1): m-t1.vova.com.hk:443
Mon, 17 Aug 2020 11:20:40 connectionpool.py[line:428] DEBUG https://m-t1.vova.com.hk:443 "POST /api/v1/product/disableSale HTTP/1.1" 200 None
Mon, 17 Aug 2020 11:20:40 connectionpool.py[line:955] DEBUG Starting new HTTPS connection (1): m-t1.vova.com.hk:443
Mon, 17 Aug 2020 11:20:41 connectionpool.py[line:428] DEBUG https://m-t1.vova.com.hk:443 "POST /api/v1/product/disableSale HTTP/1.1" 200 None
Mon, 17 Aug 2020 11:20:41 connectionpool.py[line:955] DEBUG Starting new HTTPS connection (1): m-t1.vova.com.hk:443
Mon, 17 Aug 2020 11:20:42 connectionpool.py[line:428] DEBUG https://m-t1.vova.com.hk:443 "POST /api/v1/product/disableSale HTTP/1.1" 200 None
Mon, 17 Aug 2020 11:20:42 connectionpool.py[line:955] DEBUG Starting new HTTPS connection (1): m-t1.vova.com.hk:443
Mon, 17 Aug 2020 11:20:43 connectionpool.py[line:428] DEBUG https://m-t1.vova.com.hk:443 "POST /api/v1/product/disableSale HTTP/1.1" 200 None
Mon, 17 Aug 2020 11:20:43 connectionpool.py[line:955] DEBUG Starting new HTTPS connection (1): m-t1.vova.com.hk:443
Mon, 17 Aug 2020 11:20:44 connectionpool.py[line:428] DEBUG https://m-t1.vova.com.hk:443 "POST /api/v1/product/disableSale HTTP/1.1" 200 None
Mon, 17 Aug 2020 11:20:44 connectionpool.py[line:955] DEBUG Starting new HTTPS connection (1): m-t1.vova.com.hk:443
Mon, 17 Aug 2020 11:20:45 connectionpool.py[line:428] DEBUG https://m-t1.vova.com.hk:443 "POST /api/v1/product/disableSale HTTP/1.1" 200 None
Mon, 17 Aug 2020 11:20:45 connectionpool.py[line:955] DEBUG Starting new HTTPS connection (1): m-t1.vova.com.hk:443
Mon, 17 Aug 2020 11:20:45 connectionpool.py[line:428] DEBUG https://m-t1.vova.com.hk:443 "POST /api/v1/product/disableSale HTTP/1.1" 200 None
Mon, 17 Aug 2020 11:20:45 connectionpool.py[line:955] DEBUG Starting new HTTPS connection (1): m-t1.vova.com.hk:443
Mon, 17 Aug 2020 11:20:46 connectionpool.py[line:428] DEBUG https://m-t1.vova.com.hk:443 "POST /api/v1/product/disableSale HTTP/1.1" 200 None
Mon, 17 Aug 2020 11:20:46 connectionpool.py[line:955] DEBUG Starting new HTTPS connection (1): m-t1.vova.com.hk:443
Mon, 17 Aug 2020 11:20:47 connectionpool.py[line:428] DEBUG https://m-t1.vova.com.hk:443 "POST /api/v1/product/disableSale HTTP/1.1" 200 None
Mon, 17 Aug 2020 11:20:47 connectionpool.py[line:955] DEBUG Starting new HTTPS connection (1): m-t1.vova.com.hk:443
Mon, 17 Aug 2020 11:20:48 connectionpool.py[line:428] DEBUG https://m-t1.vova.com.hk:443 "POST /api/v1/product/disableSale HTTP/1.1" 200 None
Mon, 17 Aug 2020 11:20:48 connectionpool.py[line:955] DEBUG Starting new HTTPS connection (1): m-t1.vova.com.hk:443
Mon, 17 Aug 2020 11:20:49 connectionpool.py[line:428] DEBUG https://m-t1.vova.com.hk:443 "POST /api/v1/product/disableSale HTTP/1.1" 200 None
Mon, 17 Aug 2020 11:20:49 connectionpool.py[line:955] DEBUG Starting new HTTPS connection (1): m-t1.vova.com.hk:443
Mon, 17 Aug 2020 11:20:50 connectionpool.py[line:428] DEBUG https://m-t1.vova.com.hk:443 "POST /api/v1/product/disableSale HTTP/1.1" 200 None
Mon, 17 Aug 2020 11:20:50 connectionpool.py[line:955] DEBUG Starting new HTTPS connection (1): m-t1.vova.com.hk:443
Mon, 17 Aug 2020 11:20:51 connectionpool.py[line:428] DEBUG https://m-t1.vova.com.hk:443 "POST /api/v1/product/disableSale HTTP/1.1" 200 None
Mon, 17 Aug 2020 11:20:51 connectionpool.py[line:955] DEBUG Starting new HTTPS connection (1): m-t1.vova.com.hk:443
Mon, 17 Aug 2020 11:20:51 connectionpool.py[line:428] DEBUG https://m-t1.vova.com.hk:443 "POST /api/v1/product/disableSale HTTP/1.1" 200 None
Mon, 17 Aug 2020 11:20:51 connectionpool.py[line:955] DEBUG Starting new HTTPS connection (1): m-t1.vova.com.hk:443
Mon, 17 Aug 2020 11:20:52 connectionpool.py[line:428] DEBUG https://m-t1.vova.com.hk:443 "POST /api/v1/product/disableSale HTTP/1.1" 200 None
Mon, 17 Aug 2020 11:20:52 connectionpool.py[line:955] DEBUG Starting new HTTPS connection (1): m-t1.vova.com.hk:443
Mon, 17 Aug 2020 11:20:53 connectionpool.py[line:428] DEBUG https://m-t1.vova.com.hk:443 "POST /api/v1/product/disableSale HTTP/1.1" 200 None
Mon, 17 Aug 2020 11:20:53 connectionpool.py[line:955] DEBUG Starting new HTTPS connection (1): m-t1.vova.com.hk:443
Mon, 17 Aug 2020 11:20:54 connectionpool.py[line:428] DEBUG https://m-t1.vova.com.hk:443 "POST /api/v1/product/disableSale HTTP/1.1" 200 None
Mon, 17 Aug 2020 11:20:54 connectionpool.py[line:955] DEBUG Starting new HTTPS connection (1): m-t1.vova.com.hk:443
Mon, 17 Aug 2020 11:21:02 connectionpool.py[line:428] DEBUG https://m-t1.vova.com.hk:443 "POST /api/v1/product/disableSale HTTP/1.1" 200 None
Mon, 17 Aug 2020 11:21:02 connectionpool.py[line:937] DEBUG Starting new HTTPS connection (1): m-t1.vova.com.hk:443
Mon, 17 Aug 2020 11:21:03 connectionpool.py[line:433] DEBUG https://m-t1.vova.com.hk:443 "POST /index.php?q=admin/main/index/login HTTP/1.1" 200 None
Mon, 17 Aug 2020 11:21:03 connectionpool.py[line:937] DEBUG Starting new HTTPS connection (1): m-t1.vova.com.hk:443
Mon, 17 Aug 2020 11:21:04 connectionpool.py[line:433] DEBUG https://m-t1.vova.com.hk:443 "POST /index.php?q=admin/main/index/login HTTP/1.1" 200 None
Mon, 17 Aug 2020 11:21:04 connectionpool.py[line:937] DEBUG Starting new HTTPS connection (1): m-t1.vova.com.hk:443
Mon, 17 Aug 2020 11:21:04 connectionpool.py[line:433] DEBUG https://m-t1.vova.com.hk:443 "POST /index.php?q=admin/main/index/login HTTP/1.1" 200 None
Mon, 17 Aug 2020 11:21:04 connectionpool.py[line:937] DEBUG Starting new HTTPS connection (1): m-t1.vova.com.hk:443
Mon, 17 Aug 2020 11:21:05 connectionpool.py[line:433] DEBUG https://m-t1.vova.com.hk:443 "POST /index.php?q=admin/main/index/login HTTP/1.1" 200 None
Mon, 17 Aug 2020 11:21:05 connectionpool.py[line:937] DEBUG Starting new HTTPS connection (1): m-t1.vova.com.hk:443
Mon, 17 Aug 2020 11:21:06 connectionpool.py[line:433] DEBUG https://m-t1.vova.com.hk:443 "POST /index.php?q=admin/main/index/login HTTP/1.1" 200 None
Mon, 17 Aug 2020 11:21:06 connectionpool.py[line:937] DEBUG Starting new HTTPS connection (1): m-t1.vova.com.hk:443
Mon, 17 Aug 2020 11:21:07 connectionpool.py[line:433] DEBUG https://m-t1.vova.com.hk:443 "GET /index.php?q=admin/main/index/logout HTTP/1.1" 302 None
