Tue, 18 Aug 2020 10:44:37 test_suite.py[line:26] DEBUG <unittest.suite.TestSuite tests=[<unittest.suite.TestSuite tests=[<unittest.suite.TestSuite tests=[<test_merchant_ableSale.AbleSale testMethod=test_ableSale1>, <test_merchant_ableSale.AbleSale testMethod=test_ableSale2>, <test_merchant_ableSale.AbleSale testMethod=test_ableSale3>]>]>, <unittest.suite.TestSuite tests=[<unittest.suite.TestSuite tests=[<test_merchant_disableSale.disableSale testMethod=test_disableSale1>, <test_merchant_disableSale.disableSale testMethod=test_disableSale2>, <test_merchant_disableSale.disableSale testMethod=test_disableSale3>, <test_merchant_disableSale.disableSale testMethod=test_disableSale4>, <test_merchant_disableSale.disableSale testMethod=test_disableSale5>]>]>, <unittest.suite.TestSuite tests=[<unittest.suite.TestSuite tests=[<test_merchant_login.TestLogin testMethod=test_login1>, <test_merchant_login.TestLogin testMethod=test_login2>, <test_merchant_login.TestLogin testMethod=test_login3>, <test_merchant_login.TestLogin testMethod=test_login4>, <test_merchant_login.TestLogin testMethod=test_login5>]>]>, <unittest.suite.TestSuite tests=[<unittest.suite.TestSuite tests=[<test_merchant_loginOut.LoginOut testMethod=test_login_out>]>]>, <unittest.suite.TestSuite tests=[<unittest.suite.TestSuite tests=[<test_merchant_uploadGoods.UploadGoods testMethod=test_uploadGoods>]>]>]>
Tue, 18 Aug 2020 10:44:39 connectionpool.py[line:955] DEBUG Starting new HTTPS connection (1): m-t1.vova.com.hk:443
Tue, 18 Aug 2020 10:44:40 connectionpool.py[line:428] DEBUG https://m-t1.vova.com.hk:443 "POST /api/v1/product/enableSale HTTP/1.1" 200 None
Tue, 18 Aug 2020 10:44:40 connectionpool.py[line:955] DEBUG Starting new HTTPS connection (1): m-t1.vova.com.hk:443
Tue, 18 Aug 2020 10:44:40 connectionpool.py[line:428] DEBUG https://m-t1.vova.com.hk:443 "POST /api/v1/product/enableSale HTTP/1.1" 200 None
Tue, 18 Aug 2020 10:44:40 connectionpool.py[line:955] DEBUG Starting new HTTPS connection (1): m-t1.vova.com.hk:443
Tue, 18 Aug 2020 10:44:41 connectionpool.py[line:428] DEBUG https://m-t1.vova.com.hk:443 "POST /api/v1/product/enableSale HTTP/1.1" 200 None
Tue, 18 Aug 2020 10:44:41 connectionpool.py[line:955] DEBUG Starting new HTTPS connection (1): m-t1.vova.com.hk:443
Tue, 18 Aug 2020 10:44:42 connectionpool.py[line:428] DEBUG https://m-t1.vova.com.hk:443 "POST /api/v1/product/enableSale HTTP/1.1" 200 None
Tue, 18 Aug 2020 10:44:42 connectionpool.py[line:955] DEBUG Starting new HTTPS connection (1): m-t1.vova.com.hk:443
Tue, 18 Aug 2020 10:44:43 connectionpool.py[line:428] DEBUG https://m-t1.vova.com.hk:443 "POST /api/v1/product/enableSale HTTP/1.1" 200 None
Tue, 18 Aug 2020 10:44:43 connectionpool.py[line:955] DEBUG Starting new HTTPS connection (1): m-t1.vova.com.hk:443
Tue, 18 Aug 2020 10:44:44 connectionpool.py[line:428] DEBUG https://m-t1.vova.com.hk:443 "POST /api/v1/product/enableSale HTTP/1.1" 200 None
Tue, 18 Aug 2020 10:44:44 connectionpool.py[line:955] DEBUG Starting new HTTPS connection (1): m-t1.vova.com.hk:443
Tue, 18 Aug 2020 10:44:45 connectionpool.py[line:428] DEBUG https://m-t1.vova.com.hk:443 "POST /api/v1/product/enableSale HTTP/1.1" 200 None
Tue, 18 Aug 2020 10:44:45 connectionpool.py[line:955] DEBUG Starting new HTTPS connection (1): m-t1.vova.com.hk:443
Tue, 18 Aug 2020 10:44:45 connectionpool.py[line:428] DEBUG https://m-t1.vova.com.hk:443 "POST /api/v1/product/enableSale HTTP/1.1" 401 None
Tue, 18 Aug 2020 10:44:47 connectionpool.py[line:955] DEBUG Starting new HTTPS connection (1): m-t1.vova.com.hk:443
Tue, 18 Aug 2020 10:44:48 connectionpool.py[line:428] DEBUG https://m-t1.vova.com.hk:443 "POST /api/v1/product/enableSale HTTP/1.1" 401 None
Tue, 18 Aug 2020 10:44:50 connectionpool.py[line:955] DEBUG Starting new HTTPS connection (1): m-t1.vova.com.hk:443
Tue, 18 Aug 2020 10:44:50 connectionpool.py[line:428] DEBUG https://m-t1.vova.com.hk:443 "POST /api/v1/product/disableSale HTTP/1.1" 200 None
Tue, 18 Aug 2020 10:44:50 connectionpool.py[line:955] DEBUG Starting new HTTPS connection (1): m-t1.vova.com.hk:443
Tue, 18 Aug 2020 10:44:52 connectionpool.py[line:428] DEBUG https://m-t1.vova.com.hk:443 "POST /api/v1/product/disableSale HTTP/1.1" 200 None
Tue, 18 Aug 2020 10:44:55 connectionpool.py[line:955] DEBUG Starting new HTTPS connection (1): m-t1.vova.com.hk:443
Tue, 18 Aug 2020 10:44:56 connectionpool.py[line:428] DEBUG https://m-t1.vova.com.hk:443 "POST /api/v1/product/disableSale HTTP/1.1" 401 None
Tue, 18 Aug 2020 10:44:58 connectionpool.py[line:955] DEBUG Starting new HTTPS connection (1): m-t1.vova.com.hk:443
Tue, 18 Aug 2020 10:44:59 connectionpool.py[line:428] DEBUG https://m-t1.vova.com.hk:443 "POST /api/v1/product/disableSale HTTP/1.1" 200 None
Tue, 18 Aug 2020 10:45:11 connectionpool.py[line:955] DEBUG Starting new HTTPS connection (1): m-t1.vova.com.hk:443
Tue, 18 Aug 2020 10:45:12 connectionpool.py[line:428] DEBUG https://m-t1.vova.com.hk:443 "POST /api/v1/product/disableSale HTTP/1.1" 200 None
Tue, 18 Aug 2020 10:45:12 connectionpool.py[line:955] DEBUG Starting new HTTPS connection (1): m-t1.vova.com.hk:443
Tue, 18 Aug 2020 10:45:13 connectionpool.py[line:428] DEBUG https://m-t1.vova.com.hk:443 "POST /api/v1/product/disableSale HTTP/1.1" 200 None
Tue, 18 Aug 2020 10:45:13 connectionpool.py[line:955] DEBUG Starting new HTTPS connection (1): m-t1.vova.com.hk:443
Tue, 18 Aug 2020 10:45:13 connectionpool.py[line:428] DEBUG https://m-t1.vova.com.hk:443 "POST /api/v1/product/disableSale HTTP/1.1" 200 None
Tue, 18 Aug 2020 10:45:13 connectionpool.py[line:955] DEBUG Starting new HTTPS connection (1): m-t1.vova.com.hk:443
Tue, 18 Aug 2020 10:45:14 connectionpool.py[line:428] DEBUG https://m-t1.vova.com.hk:443 "POST /api/v1/product/disableSale HTTP/1.1" 200 None
Tue, 18 Aug 2020 10:45:14 connectionpool.py[line:955] DEBUG Starting new HTTPS connection (1): m-t1.vova.com.hk:443
Tue, 18 Aug 2020 10:45:15 connectionpool.py[line:428] DEBUG https://m-t1.vova.com.hk:443 "POST /api/v1/product/disableSale HTTP/1.1" 200 None
Tue, 18 Aug 2020 10:45:15 connectionpool.py[line:955] DEBUG Starting new HTTPS connection (1): m-t1.vova.com.hk:443
Tue, 18 Aug 2020 10:45:16 connectionpool.py[line:428] DEBUG https://m-t1.vova.com.hk:443 "POST /api/v1/product/disableSale HTTP/1.1" 200 None
Tue, 18 Aug 2020 10:45:16 connectionpool.py[line:955] DEBUG Starting new HTTPS connection (1): m-t1.vova.com.hk:443
Tue, 18 Aug 2020 10:45:17 connectionpool.py[line:428] DEBUG https://m-t1.vova.com.hk:443 "POST /api/v1/product/disableSale HTTP/1.1" 200 None
Tue, 18 Aug 2020 10:45:17 connectionpool.py[line:955] DEBUG Starting new HTTPS connection (1): m-t1.vova.com.hk:443
Tue, 18 Aug 2020 10:45:18 connectionpool.py[line:428] DEBUG https://m-t1.vova.com.hk:443 "POST /api/v1/product/disableSale HTTP/1.1" 200 None
Tue, 18 Aug 2020 10:45:18 connectionpool.py[line:955] DEBUG Starting new HTTPS connection (1): m-t1.vova.com.hk:443
Tue, 18 Aug 2020 10:45:19 connectionpool.py[line:428] DEBUG https://m-t1.vova.com.hk:443 "POST /api/v1/product/disableSale HTTP/1.1" 200 None
Tue, 18 Aug 2020 10:45:19 connectionpool.py[line:955] DEBUG Starting new HTTPS connection (1): m-t1.vova.com.hk:443
Tue, 18 Aug 2020 10:45:19 connectionpool.py[line:428] DEBUG https://m-t1.vova.com.hk:443 "POST /api/v1/product/disableSale HTTP/1.1" 200 None
Tue, 18 Aug 2020 10:45:19 connectionpool.py[line:955] DEBUG Starting new HTTPS connection (1): m-t1.vova.com.hk:443
Tue, 18 Aug 2020 10:45:20 connectionpool.py[line:428] DEBUG https://m-t1.vova.com.hk:443 "POST /api/v1/product/disableSale HTTP/1.1" 200 None
Tue, 18 Aug 2020 10:45:20 connectionpool.py[line:955] DEBUG Starting new HTTPS connection (1): m-t1.vova.com.hk:443
Tue, 18 Aug 2020 10:45:21 connectionpool.py[line:428] DEBUG https://m-t1.vova.com.hk:443 "POST /api/v1/product/disableSale HTTP/1.1" 200 None
Tue, 18 Aug 2020 10:45:21 connectionpool.py[line:955] DEBUG Starting new HTTPS connection (1): m-t1.vova.com.hk:443
Tue, 18 Aug 2020 10:45:22 connectionpool.py[line:428] DEBUG https://m-t1.vova.com.hk:443 "POST /api/v1/product/disableSale HTTP/1.1" 200 None
Tue, 18 Aug 2020 10:45:22 connectionpool.py[line:955] DEBUG Starting new HTTPS connection (1): m-t1.vova.com.hk:443
Tue, 18 Aug 2020 10:45:24 connectionpool.py[line:428] DEBUG https://m-t1.vova.com.hk:443 "POST /api/v1/product/disableSale HTTP/1.1" 200 None
Tue, 18 Aug 2020 10:45:24 connectionpool.py[line:955] DEBUG Starting new HTTPS connection (1): m-t1.vova.com.hk:443
Tue, 18 Aug 2020 10:45:25 connectionpool.py[line:428] DEBUG https://m-t1.vova.com.hk:443 "POST /api/v1/product/disableSale HTTP/1.1" 200 None
Tue, 18 Aug 2020 10:45:25 connectionpool.py[line:955] DEBUG Starting new HTTPS connection (1): m-t1.vova.com.hk:443
Tue, 18 Aug 2020 10:45:25 connectionpool.py[line:428] DEBUG https://m-t1.vova.com.hk:443 "POST /api/v1/product/disableSale HTTP/1.1" 200 None
Tue, 18 Aug 2020 10:45:25 connectionpool.py[line:955] DEBUG Starting new HTTPS connection (1): m-t1.vova.com.hk:443
Tue, 18 Aug 2020 10:45:26 connectionpool.py[line:428] DEBUG https://m-t1.vova.com.hk:443 "POST /api/v1/product/disableSale HTTP/1.1" 200 None
Tue, 18 Aug 2020 10:45:26 connectionpool.py[line:955] DEBUG Starting new HTTPS connection (1): m-t1.vova.com.hk:443
Tue, 18 Aug 2020 10:45:27 connectionpool.py[line:428] DEBUG https://m-t1.vova.com.hk:443 "POST /api/v1/product/disableSale HTTP/1.1" 200 None
Tue, 18 Aug 2020 10:45:27 connectionpool.py[line:955] DEBUG Starting new HTTPS connection (1): m-t1.vova.com.hk:443
Tue, 18 Aug 2020 10:45:33 connectionpool.py[line:428] DEBUG https://m-t1.vova.com.hk:443 "POST /api/v1/product/disableSale HTTP/1.1" 200 None
Tue, 18 Aug 2020 10:45:33 connectionpool.py[line:955] DEBUG Starting new HTTPS connection (1): m-t1.vova.com.hk:443
Tue, 18 Aug 2020 10:45:34 connectionpool.py[line:428] DEBUG https://m-t1.vova.com.hk:443 "POST /api/v1/product/disableSale HTTP/1.1" 200 None
Tue, 18 Aug 2020 10:45:34 connectionpool.py[line:955] DEBUG Starting new HTTPS connection (1): m-t1.vova.com.hk:443
Tue, 18 Aug 2020 10:45:35 connectionpool.py[line:428] DEBUG https://m-t1.vova.com.hk:443 "POST /api/v1/product/disableSale HTTP/1.1" 200 None
Tue, 18 Aug 2020 10:45:35 connectionpool.py[line:955] DEBUG Starting new HTTPS connection (1): m-t1.vova.com.hk:443
Tue, 18 Aug 2020 10:45:36 connectionpool.py[line:428] DEBUG https://m-t1.vova.com.hk:443 "POST /api/v1/product/disableSale HTTP/1.1" 200 None
Tue, 18 Aug 2020 10:45:36 connectionpool.py[line:955] DEBUG Starting new HTTPS connection (1): m-t1.vova.com.hk:443
Tue, 18 Aug 2020 10:45:37 connectionpool.py[line:428] DEBUG https://m-t1.vova.com.hk:443 "POST /api/v1/product/disableSale HTTP/1.1" 200 None
Tue, 18 Aug 2020 10:45:37 connectionpool.py[line:955] DEBUG Starting new HTTPS connection (1): m-t1.vova.com.hk:443
Tue, 18 Aug 2020 10:45:37 connectionpool.py[line:428] DEBUG https://m-t1.vova.com.hk:443 "POST /api/v1/product/disableSale HTTP/1.1" 200 None
Tue, 18 Aug 2020 10:45:37 connectionpool.py[line:955] DEBUG Starting new HTTPS connection (1): m-t1.vova.com.hk:443
Tue, 18 Aug 2020 10:45:38 connectionpool.py[line:428] DEBUG https://m-t1.vova.com.hk:443 "POST /api/v1/product/disableSale HTTP/1.1" 200 None
Tue, 18 Aug 2020 10:45:38 connectionpool.py[line:955] DEBUG Starting new HTTPS connection (1): m-t1.vova.com.hk:443
Tue, 18 Aug 2020 10:45:39 connectionpool.py[line:428] DEBUG https://m-t1.vova.com.hk:443 "POST /api/v1/product/disableSale HTTP/1.1" 200 None
Tue, 18 Aug 2020 10:45:39 connectionpool.py[line:937] DEBUG Starting new HTTPS connection (1): m-t1.vova.com.hk:443
Tue, 18 Aug 2020 10:45:40 connectionpool.py[line:433] DEBUG https://m-t1.vova.com.hk:443 "POST /index.php?q=admin/main/index/login HTTP/1.1" 200 None
Tue, 18 Aug 2020 10:45:40 connectionpool.py[line:937] DEBUG Starting new HTTPS connection (1): m-t1.vova.com.hk:443
Tue, 18 Aug 2020 10:45:41 connectionpool.py[line:433] DEBUG https://m-t1.vova.com.hk:443 "POST /index.php?q=admin/main/index/login HTTP/1.1" 200 None
Tue, 18 Aug 2020 10:45:41 connectionpool.py[line:937] DEBUG Starting new HTTPS connection (1): m-t1.vova.com.hk:443
Tue, 18 Aug 2020 10:45:42 connectionpool.py[line:433] DEBUG https://m-t1.vova.com.hk:443 "POST /index.php?q=admin/main/index/login HTTP/1.1" 200 None
Tue, 18 Aug 2020 10:45:42 connectionpool.py[line:937] DEBUG Starting new HTTPS connection (1): m-t1.vova.com.hk:443
Tue, 18 Aug 2020 10:45:43 connectionpool.py[line:433] DEBUG https://m-t1.vova.com.hk:443 "POST /index.php?q=admin/main/index/login HTTP/1.1" 200 None
Tue, 18 Aug 2020 10:45:43 connectionpool.py[line:937] DEBUG Starting new HTTPS connection (1): m-t1.vova.com.hk:443
Tue, 18 Aug 2020 10:45:44 connectionpool.py[line:433] DEBUG https://m-t1.vova.com.hk:443 "POST /index.php?q=admin/main/index/login HTTP/1.1" 200 None
Tue, 18 Aug 2020 10:45:44 connectionpool.py[line:937] DEBUG Starting new HTTPS connection (1): m-t1.vova.com.hk:443
Tue, 18 Aug 2020 10:45:44 connectionpool.py[line:433] DEBUG https://m-t1.vova.com.hk:443 "GET /index.php?q=admin/main/index/logout HTTP/1.1" 302 None
