Mon, 24 Aug 2020 15:07:18 test_suite.py[line:26] DEBUG <unittest.suite.TestSuite tests=[<unittest.suite.TestSuite tests=[]>, <unittest.suite.TestSuite tests=[<unittest.suite.TestSuite tests=[<product.test_merchant_ableSale.AbleSale testMethod=test_ableSale1>, <product.test_merchant_ableSale.AbleSale testMethod=test_ableSale2>, <product.test_merchant_ableSale.AbleSale testMethod=test_ableSale3>]>]>, <unittest.suite.TestSuite tests=[<unittest.suite.TestSuite tests=[<product.test_merchant_disableSale.DisableSale testMethod=test_disableSale1>, <product.test_merchant_disableSale.DisableSale testMethod=test_disableSale2>, <product.test_merchant_disableSale.DisableSale testMethod=test_disableSale3>, <product.test_merchant_disableSale.DisableSale testMethod=test_disableSale4>, <product.test_merchant_disableSale.DisableSale testMethod=test_disableSale5>]>]>, <unittest.suite.TestSuite tests=[<unittest.suite.TestSuite tests=[<product.test_merchant_getProductImgInfo.GetProductImgInfo testMethod=test_getProductImgInfo1>, <product.test_merchant_getProductImgInfo.GetProductImgInfo testMethod=test_getProductImgInfo2>, <product.test_merchant_getProductImgInfo.GetProductImgInfo testMethod=test_getProductImgInfo3>]>]>, <unittest.suite.TestSuite tests=[<unittest.suite.TestSuite tests=[<product.test_merchant_login.TestLogin testMethod=test_login1>, <product.test_merchant_login.TestLogin testMethod=test_login2>, <product.test_merchant_login.TestLogin testMethod=test_login3>, <product.test_merchant_login.TestLogin testMethod=test_login4>, <product.test_merchant_login.TestLogin testMethod=test_login5>]>]>, <unittest.suite.TestSuite tests=[<unittest.suite.TestSuite tests=[<product.test_merchant_loginOut.LoginOut testMethod=test_login_out>]>]>, <unittest.suite.TestSuite tests=[]>, <unittest.suite.TestSuite tests=[<unittest.suite.TestSuite tests=[<product.test_merchant_updateRegionShippingFee.UpdateRegionShippingFee testMethod=test_updateRegionShippingFee1>, <product.test_merchant_updateRegionShippingFee.UpdateRegionShippingFee testMethod=test_updateRegionShippingFee2>, <product.test_merchant_updateRegionShippingFee.UpdateRegionShippingFee testMethod=test_updateRegionShippingFee3>]>]>, <unittest.suite.TestSuite tests=[<unittest.suite.TestSuite tests=[<product.test_merchant_updateSkuImg.UpdateSkuImg testMethod=test_updateSkuImg1>, <product.test_merchant_updateSkuImg.UpdateSkuImg testMethod=test_updateSkuImg2>, <product.test_merchant_updateSkuImg.UpdateSkuImg testMethod=test_updateSkuImg3>, <product.test_merchant_updateSkuImg.UpdateSkuImg testMethod=test_updateSkuImg4>]>]>, <unittest.suite.TestSuite tests=[<unittest.suite.TestSuite tests=[<product.test_merchant_uploadGoods.UploadGoods testMethod=test_uploadGoods>]>]>, <unittest.suite.TestSuite tests=[<unittest.suite.TestSuite tests=[<product.test_merchant_uploadSizeChart.UploadSizeChart testMethod=test_uploadSizeChart1>, <product.test_merchant_uploadSizeChart.UploadSizeChart testMethod=test_uploadSizeChart2>, <product.test_merchant_uploadSizeChart.UploadSizeChart testMethod=test_uploadSizeChart3>, <product.test_merchant_uploadSizeChart.UploadSizeChart testMethod=test_uploadSizeChart4>]>]>, <unittest.suite.TestSuite tests=[]>]>
Mon, 24 Aug 2020 15:07:20 connectionpool.py[line:955] DEBUG Starting new HTTPS connection (1): m-t1.vova.com.hk:443
Mon, 24 Aug 2020 15:07:21 connectionpool.py[line:428] DEBUG https://m-t1.vova.com.hk:443 "POST /api/v1/product/enableSale HTTP/1.1" 200 None
Mon, 24 Aug 2020 15:07:21 connectionpool.py[line:955] DEBUG Starting new HTTPS connection (1): m-t1.vova.com.hk:443
Mon, 24 Aug 2020 15:07:22 connectionpool.py[line:428] DEBUG https://m-t1.vova.com.hk:443 "POST /api/v1/product/enableSale HTTP/1.1" 200 None
Mon, 24 Aug 2020 15:07:22 connectionpool.py[line:955] DEBUG Starting new HTTPS connection (1): m-t1.vova.com.hk:443
Mon, 24 Aug 2020 15:07:23 connectionpool.py[line:428] DEBUG https://m-t1.vova.com.hk:443 "POST /api/v1/product/enableSale HTTP/1.1" 200 None
Mon, 24 Aug 2020 15:07:23 connectionpool.py[line:955] DEBUG Starting new HTTPS connection (1): m-t1.vova.com.hk:443
Mon, 24 Aug 2020 15:07:24 connectionpool.py[line:428] DEBUG https://m-t1.vova.com.hk:443 "POST /api/v1/product/enableSale HTTP/1.1" 200 None
Mon, 24 Aug 2020 15:07:24 connectionpool.py[line:955] DEBUG Starting new HTTPS connection (1): m-t1.vova.com.hk:443
Mon, 24 Aug 2020 15:07:25 connectionpool.py[line:428] DEBUG https://m-t1.vova.com.hk:443 "POST /api/v1/product/enableSale HTTP/1.1" 200 None
Mon, 24 Aug 2020 15:07:27 connectionpool.py[line:955] DEBUG Starting new HTTPS connection (1): m-t1.vova.com.hk:443
Mon, 24 Aug 2020 15:07:28 connectionpool.py[line:428] DEBUG https://m-t1.vova.com.hk:443 "POST /api/v1/product/enableSale HTTP/1.1" 401 None
Mon, 24 Aug 2020 15:07:30 connectionpool.py[line:955] DEBUG Starting new HTTPS connection (1): m-t1.vova.com.hk:443
Mon, 24 Aug 2020 15:07:30 connectionpool.py[line:428] DEBUG https://m-t1.vova.com.hk:443 "POST /api/v1/product/disableSale HTTP/1.1" 200 None
Mon, 24 Aug 2020 15:07:30 connectionpool.py[line:955] DEBUG Starting new HTTPS connection (1): m-t1.vova.com.hk:443
Mon, 24 Aug 2020 15:07:32 connectionpool.py[line:428] DEBUG https://m-t1.vova.com.hk:443 "POST /api/v1/product/disableSale HTTP/1.1" 200 None
Mon, 24 Aug 2020 15:07:47 connectionpool.py[line:955] DEBUG Starting new HTTPS connection (1): m-t1.vova.com.hk:443
Mon, 24 Aug 2020 15:07:48 connectionpool.py[line:428] DEBUG https://m-t1.vova.com.hk:443 "POST /api/v1/product/disableSale HTTP/1.1" 200 None
Mon, 24 Aug 2020 15:07:49 connectionpool.py[line:955] DEBUG Starting new HTTPS connection (1): m-t1.vova.com.hk:443
Mon, 24 Aug 2020 15:07:50 connectionpool.py[line:428] DEBUG https://m-t1.vova.com.hk:443 "POST /api/v1/product/disableSale HTTP/1.1" 200 None
Mon, 24 Aug 2020 15:07:50 connectionpool.py[line:955] DEBUG Starting new HTTPS connection (1): m-t1.vova.com.hk:443
Mon, 24 Aug 2020 15:07:51 connectionpool.py[line:428] DEBUG https://m-t1.vova.com.hk:443 "POST /api/v1/product/disableSale HTTP/1.1" 200 None
Mon, 24 Aug 2020 15:07:51 connectionpool.py[line:955] DEBUG Starting new HTTPS connection (1): m-t1.vova.com.hk:443
Mon, 24 Aug 2020 15:07:52 connectionpool.py[line:428] DEBUG https://m-t1.vova.com.hk:443 "POST /api/v1/product/disableSale HTTP/1.1" 200 None
Mon, 24 Aug 2020 15:07:52 connectionpool.py[line:955] DEBUG Starting new HTTPS connection (1): m-t1.vova.com.hk:443
Mon, 24 Aug 2020 15:07:53 connectionpool.py[line:428] DEBUG https://m-t1.vova.com.hk:443 "POST /api/v1/product/disableSale HTTP/1.1" 200 None
Mon, 24 Aug 2020 15:07:53 connectionpool.py[line:955] DEBUG Starting new HTTPS connection (1): m-t1.vova.com.hk:443
Mon, 24 Aug 2020 15:07:53 connectionpool.py[line:428] DEBUG https://m-t1.vova.com.hk:443 "POST /api/v1/product/disableSale HTTP/1.1" 200 None
Mon, 24 Aug 2020 15:07:53 connectionpool.py[line:955] DEBUG Starting new HTTPS connection (1): m-t1.vova.com.hk:443
Mon, 24 Aug 2020 15:07:55 connectionpool.py[line:428] DEBUG https://m-t1.vova.com.hk:443 "POST /api/v1/product/disableSale HTTP/1.1" 200 None
Mon, 24 Aug 2020 15:07:55 connectionpool.py[line:955] DEBUG Starting new HTTPS connection (1): m-t1.vova.com.hk:443
Mon, 24 Aug 2020 15:07:55 connectionpool.py[line:428] DEBUG https://m-t1.vova.com.hk:443 "POST /api/v1/product/disableSale HTTP/1.1" 200 None
Mon, 24 Aug 2020 15:07:55 connectionpool.py[line:955] DEBUG Starting new HTTPS connection (1): m-t1.vova.com.hk:443
Mon, 24 Aug 2020 15:07:56 connectionpool.py[line:428] DEBUG https://m-t1.vova.com.hk:443 "POST /api/v1/product/disableSale HTTP/1.1" 200 None
Mon, 24 Aug 2020 15:07:56 connectionpool.py[line:955] DEBUG Starting new HTTPS connection (1): m-t1.vova.com.hk:443
Mon, 24 Aug 2020 15:07:57 connectionpool.py[line:428] DEBUG https://m-t1.vova.com.hk:443 "POST /api/v1/product/disableSale HTTP/1.1" 200 None
Mon, 24 Aug 2020 15:07:57 connectionpool.py[line:955] DEBUG Starting new HTTPS connection (1): m-t1.vova.com.hk:443
Mon, 24 Aug 2020 15:07:58 connectionpool.py[line:428] DEBUG https://m-t1.vova.com.hk:443 "POST /api/v1/product/disableSale HTTP/1.1" 200 None
Mon, 24 Aug 2020 15:07:58 connectionpool.py[line:955] DEBUG Starting new HTTPS connection (1): m-t1.vova.com.hk:443
Mon, 24 Aug 2020 15:07:59 connectionpool.py[line:428] DEBUG https://m-t1.vova.com.hk:443 "POST /api/v1/product/disableSale HTTP/1.1" 200 None
Mon, 24 Aug 2020 15:07:59 connectionpool.py[line:955] DEBUG Starting new HTTPS connection (1): m-t1.vova.com.hk:443
Mon, 24 Aug 2020 15:07:59 connectionpool.py[line:428] DEBUG https://m-t1.vova.com.hk:443 "POST /api/v1/product/disableSale HTTP/1.1" 200 None
Mon, 24 Aug 2020 15:07:59 connectionpool.py[line:955] DEBUG Starting new HTTPS connection (1): m-t1.vova.com.hk:443
Mon, 24 Aug 2020 15:08:00 connectionpool.py[line:428] DEBUG https://m-t1.vova.com.hk:443 "POST /api/v1/product/disableSale HTTP/1.1" 200 None
Mon, 24 Aug 2020 15:08:00 connectionpool.py[line:955] DEBUG Starting new HTTPS connection (1): m-t1.vova.com.hk:443
Mon, 24 Aug 2020 15:08:01 connectionpool.py[line:428] DEBUG https://m-t1.vova.com.hk:443 "POST /api/v1/product/disableSale HTTP/1.1" 200 None
Mon, 24 Aug 2020 15:08:01 connectionpool.py[line:955] DEBUG Starting new HTTPS connection (1): m-t1.vova.com.hk:443
Mon, 24 Aug 2020 15:08:02 connectionpool.py[line:428] DEBUG https://m-t1.vova.com.hk:443 "POST /api/v1/product/disableSale HTTP/1.1" 200 None
Mon, 24 Aug 2020 15:08:02 connectionpool.py[line:955] DEBUG Starting new HTTPS connection (1): m-t1.vova.com.hk:443
Mon, 24 Aug 2020 15:08:03 connectionpool.py[line:428] DEBUG https://m-t1.vova.com.hk:443 "POST /api/v1/product/disableSale HTTP/1.1" 200 None
Mon, 24 Aug 2020 15:08:03 connectionpool.py[line:955] DEBUG Starting new HTTPS connection (1): m-t1.vova.com.hk:443
Mon, 24 Aug 2020 15:08:04 connectionpool.py[line:428] DEBUG https://m-t1.vova.com.hk:443 "POST /api/v1/product/disableSale HTTP/1.1" 200 None
Mon, 24 Aug 2020 15:08:04 connectionpool.py[line:955] DEBUG Starting new HTTPS connection (1): m-t1.vova.com.hk:443
Mon, 24 Aug 2020 15:08:04 connectionpool.py[line:428] DEBUG https://m-t1.vova.com.hk:443 "POST /api/v1/product/disableSale HTTP/1.1" 200 None
Mon, 24 Aug 2020 15:08:04 connectionpool.py[line:955] DEBUG Starting new HTTPS connection (1): m-t1.vova.com.hk:443
Mon, 24 Aug 2020 15:08:05 connectionpool.py[line:428] DEBUG https://m-t1.vova.com.hk:443 "POST /api/v1/product/disableSale HTTP/1.1" 200 None
Mon, 24 Aug 2020 15:08:05 connectionpool.py[line:955] DEBUG Starting new HTTPS connection (1): m-t1.vova.com.hk:443
Mon, 24 Aug 2020 15:08:06 connectionpool.py[line:428] DEBUG https://m-t1.vova.com.hk:443 "POST /api/v1/product/disableSale HTTP/1.1" 200 None
Mon, 24 Aug 2020 15:08:06 connectionpool.py[line:955] DEBUG Starting new HTTPS connection (1): m-t1.vova.com.hk:443
Mon, 24 Aug 2020 15:08:07 connectionpool.py[line:428] DEBUG https://m-t1.vova.com.hk:443 "POST /api/v1/product/disableSale HTTP/1.1" 200 None
Mon, 24 Aug 2020 15:08:07 connectionpool.py[line:955] DEBUG Starting new HTTPS connection (1): m-t1.vova.com.hk:443
Mon, 24 Aug 2020 15:08:08 connectionpool.py[line:428] DEBUG https://m-t1.vova.com.hk:443 "POST /api/v1/product/disableSale HTTP/1.1" 200 None
Mon, 24 Aug 2020 15:08:08 connectionpool.py[line:955] DEBUG Starting new HTTPS connection (1): m-t1.vova.com.hk:443
Mon, 24 Aug 2020 15:08:09 connectionpool.py[line:428] DEBUG https://m-t1.vova.com.hk:443 "POST /api/v1/product/disableSale HTTP/1.1" 200 None
Mon, 24 Aug 2020 15:08:09 connectionpool.py[line:955] DEBUG Starting new HTTPS connection (1): m-t1.vova.com.hk:443
Mon, 24 Aug 2020 15:08:09 connectionpool.py[line:428] DEBUG https://m-t1.vova.com.hk:443 "POST /api/v1/product/disableSale HTTP/1.1" 200 None
Mon, 24 Aug 2020 15:08:09 connectionpool.py[line:955] DEBUG Starting new HTTPS connection (1): m-t1.vova.com.hk:443
Mon, 24 Aug 2020 15:08:10 connectionpool.py[line:428] DEBUG https://m-t1.vova.com.hk:443 "POST /api/v1/product/disableSale HTTP/1.1" 200 None
Mon, 24 Aug 2020 15:08:10 connectionpool.py[line:955] DEBUG Starting new HTTPS connection (1): m-t1.vova.com.hk:443
Mon, 24 Aug 2020 15:08:11 connectionpool.py[line:428] DEBUG https://m-t1.vova.com.hk:443 "POST /api/v1/product/disableSale HTTP/1.1" 200 None
Mon, 24 Aug 2020 15:08:11 connectionpool.py[line:955] DEBUG Starting new HTTPS connection (1): m-t1.vova.com.hk:443
Mon, 24 Aug 2020 15:08:12 connectionpool.py[line:428] DEBUG https://m-t1.vova.com.hk:443 "POST /api/v1/product/disableSale HTTP/1.1" 200 None
Mon, 24 Aug 2020 15:08:12 connectionpool.py[line:955] DEBUG Starting new HTTPS connection (1): m-t1.vova.com.hk:443
Mon, 24 Aug 2020 15:08:14 connectionpool.py[line:428] DEBUG https://m-t1.vova.com.hk:443 "POST /api/v1/product/disableSale HTTP/1.1" 200 None
Mon, 24 Aug 2020 15:08:14 connectionpool.py[line:955] DEBUG Starting new HTTPS connection (1): m-t1.vova.com.hk:443
Mon, 24 Aug 2020 15:08:15 connectionpool.py[line:428] DEBUG https://m-t1.vova.com.hk:443 "POST /api/v1/product/disableSale HTTP/1.1" 200 None
Mon, 24 Aug 2020 15:08:15 connectionpool.py[line:955] DEBUG Starting new HTTPS connection (1): m-t1.vova.com.hk:443
Mon, 24 Aug 2020 15:08:15 connectionpool.py[line:428] DEBUG https://m-t1.vova.com.hk:443 "POST /api/v1/product/disableSale HTTP/1.1" 200 None
Mon, 24 Aug 2020 15:08:15 connectionpool.py[line:955] DEBUG Starting new HTTPS connection (1): m-t1.vova.com.hk:443
Mon, 24 Aug 2020 15:08:16 connectionpool.py[line:428] DEBUG https://m-t1.vova.com.hk:443 "POST /api/v1/product/disableSale HTTP/1.1" 200 None
Mon, 24 Aug 2020 15:08:16 connectionpool.py[line:955] DEBUG Starting new HTTPS connection (1): m-t1.vova.com.hk:443
Mon, 24 Aug 2020 15:08:17 connectionpool.py[line:428] DEBUG https://m-t1.vova.com.hk:443 "POST /api/v1/product/disableSale HTTP/1.1" 200 None
Mon, 24 Aug 2020 15:08:17 connectionpool.py[line:955] DEBUG Starting new HTTPS connection (1): m-t1.vova.com.hk:443
Mon, 24 Aug 2020 15:08:18 connectionpool.py[line:428] DEBUG https://m-t1.vova.com.hk:443 "POST /api/v1/product/disableSale HTTP/1.1" 200 None
Mon, 24 Aug 2020 15:08:18 connectionpool.py[line:955] DEBUG Starting new HTTPS connection (1): m-t1.vova.com.hk:443
Mon, 24 Aug 2020 15:08:22 connectionpool.py[line:428] DEBUG https://m-t1.vova.com.hk:443 "POST /api/v1/product/disableSale HTTP/1.1" 200 None
Mon, 24 Aug 2020 15:08:22 connectionpool.py[line:955] DEBUG Starting new HTTPS connection (1): m-t1.vova.com.hk:443
Mon, 24 Aug 2020 15:08:23 connectionpool.py[line:428] DEBUG https://m-t1.vova.com.hk:443 "POST /api/v1/product/disableSale HTTP/1.1" 200 None
Mon, 24 Aug 2020 15:08:23 connectionpool.py[line:955] DEBUG Starting new HTTPS connection (1): m-t1.vova.com.hk:443
Mon, 24 Aug 2020 15:08:24 connectionpool.py[line:428] DEBUG https://m-t1.vova.com.hk:443 "POST /api/v1/product/disableSale HTTP/1.1" 200 None
Mon, 24 Aug 2020 15:08:24 connectionpool.py[line:955] DEBUG Starting new HTTPS connection (1): m-t1.vova.com.hk:443
Mon, 24 Aug 2020 15:08:25 connectionpool.py[line:428] DEBUG https://m-t1.vova.com.hk:443 "POST /api/v1/product/disableSale HTTP/1.1" 200 None
Mon, 24 Aug 2020 15:08:27 connectionpool.py[line:955] DEBUG Starting new HTTPS connection (1): m-t1.vova.com.hk:443
Mon, 24 Aug 2020 15:08:28 connectionpool.py[line:428] DEBUG https://m-t1.vova.com.hk:443 "GET /api/v1/product/getProductImgInfo?token=eyJ0eXAiOiJKV1QiLCJhbGciOiJIUzI1NiJ9.eyJpYXQiOjE1NDEzOTAxNjYsInNjb3BlIjpbImdldCIsInBvc3QiXSwidWlkIjoiMSIsInVOYW1lIjoiMjMzIn0.-KEPLW5z7egKrnSIL4UBL5zGdwgzS77Gxi4NNvnxMpo&product_id=1012909 HTTP/1.1" 200 None
Mon, 24 Aug 2020 15:08:30 connectionpool.py[line:955] DEBUG Starting new HTTPS connection (1): m-t1.vova.com.hk:443
Mon, 24 Aug 2020 15:08:30 connectionpool.py[line:428] DEBUG https://m-t1.vova.com.hk:443 "GET /api/v1/product/getProductImgInfo?token=e&product_id=1012909 HTTP/1.1" 401 None
Mon, 24 Aug 2020 15:08:30 connectionpool.py[line:955] DEBUG Starting new HTTPS connection (1): m-t1.vova.com.hk:443
Mon, 24 Aug 2020 15:08:31 connectionpool.py[line:428] DEBUG https://m-t1.vova.com.hk:443 "GET /api/v1/product/getProductImgInfo?token=eyJ0eXAiOiJKV1QiLCJhbGciOiJIUzI1NiJ9.eyJpYXQiOjE1NDEzOTAxNjYsInNjb3BlIjpbImdldCIsInBvc3QiXSwidWlkIjoiMSIsInVOYW1lIjoiMjMzIn0.-KEPLW5z7egKrnSIL4UBL5zGdwgzS77Gxi4NNvnxMpo&product_id= HTTP/1.1" 200 None
Mon, 24 Aug 2020 15:08:31 connectionpool.py[line:937] DEBUG Starting new HTTPS connection (1): m-t1.vova.com.hk:443
Mon, 24 Aug 2020 15:08:32 connectionpool.py[line:433] DEBUG https://m-t1.vova.com.hk:443 "POST /index.php?q=admin/main/index/login HTTP/1.1" 200 None
Mon, 24 Aug 2020 15:08:32 connectionpool.py[line:937] DEBUG Starting new HTTPS connection (1): m-t1.vova.com.hk:443
Mon, 24 Aug 2020 15:08:33 connectionpool.py[line:433] DEBUG https://m-t1.vova.com.hk:443 "POST /index.php?q=admin/main/index/login HTTP/1.1" 200 None
Mon, 24 Aug 2020 15:08:33 connectionpool.py[line:937] DEBUG Starting new HTTPS connection (1): m-t1.vova.com.hk:443
Mon, 24 Aug 2020 15:08:34 connectionpool.py[line:433] DEBUG https://m-t1.vova.com.hk:443 "POST /index.php?q=admin/main/index/login HTTP/1.1" 200 None
Mon, 24 Aug 2020 15:08:34 connectionpool.py[line:937] DEBUG Starting new HTTPS connection (1): m-t1.vova.com.hk:443
Mon, 24 Aug 2020 15:08:34 connectionpool.py[line:433] DEBUG https://m-t1.vova.com.hk:443 "POST /index.php?q=admin/main/index/login HTTP/1.1" 200 None
Mon, 24 Aug 2020 15:08:35 connectionpool.py[line:937] DEBUG Starting new HTTPS connection (1): m-t1.vova.com.hk:443
Mon, 24 Aug 2020 15:08:35 connectionpool.py[line:433] DEBUG https://m-t1.vova.com.hk:443 "POST /index.php?q=admin/main/index/login HTTP/1.1" 200 None
Mon, 24 Aug 2020 15:08:35 connectionpool.py[line:937] DEBUG Starting new HTTPS connection (1): m-t1.vova.com.hk:443
Mon, 24 Aug 2020 15:08:36 connectionpool.py[line:433] DEBUG https://m-t1.vova.com.hk:443 "GET /index.php?q=admin/main/index/logout HTTP/1.1" 302 None
Mon, 24 Aug 2020 15:08:38 connectionpool.py[line:955] DEBUG Starting new HTTPS connection (1): m-t1.vova.com.hk:443
Mon, 24 Aug 2020 15:08:39 connectionpool.py[line:428] DEBUG https://m-t1.vova.com.hk:443 "POST /api/v1/product/updateRegionShippingFee HTTP/1.1" 200 None
Mon, 24 Aug 2020 15:08:41 connectionpool.py[line:955] DEBUG Starting new HTTPS connection (1): m-t1.vova.com.hk:443
Mon, 24 Aug 2020 15:08:42 connectionpool.py[line:428] DEBUG https://m-t1.vova.com.hk:443 "POST /api/v1/product/updateRegionShippingFee HTTP/1.1" 401 None
Mon, 24 Aug 2020 15:08:42 connectionpool.py[line:955] DEBUG Starting new HTTPS connection (1): m-t1.vova.com.hk:443
Mon, 24 Aug 2020 15:08:44 connectionpool.py[line:428] DEBUG https://m-t1.vova.com.hk:443 "POST /api/v1/product/updateRegionShippingFee HTTP/1.1" 200 None
Mon, 24 Aug 2020 15:08:46 connectionpool.py[line:955] DEBUG Starting new HTTPS connection (1): m-t1.vova.com.hk:443
Mon, 24 Aug 2020 15:08:47 connectionpool.py[line:428] DEBUG https://m-t1.vova.com.hk:443 "POST /api/v1/product/updateSkuImg HTTP/1.1" 200 None
Mon, 24 Aug 2020 15:08:50 connectionpool.py[line:955] DEBUG Starting new HTTPS connection (1): m-t1.vova.com.hk:443
Mon, 24 Aug 2020 15:08:51 connectionpool.py[line:428] DEBUG https://m-t1.vova.com.hk:443 "POST /api/v1/product/updateSkuImg HTTP/1.1" 200 None
Mon, 24 Aug 2020 15:08:54 connectionpool.py[line:955] DEBUG Starting new HTTPS connection (1): m-t1.vova.com.hk:443
Mon, 24 Aug 2020 15:08:55 connectionpool.py[line:428] DEBUG https://m-t1.vova.com.hk:443 "POST /api/v1/product/updateSkuImg HTTP/1.1" 200 None
Mon, 24 Aug 2020 15:08:55 connectionpool.py[line:955] DEBUG Starting new HTTPS connection (1): m-t1.vova.com.hk:443
Mon, 24 Aug 2020 15:08:59 connectionpool.py[line:428] DEBUG https://m-t1.vova.com.hk:443 "POST /api/v1/product/updateSkuImg HTTP/1.1" 200 None
Mon, 24 Aug 2020 15:08:59 connectionpool.py[line:955] DEBUG Starting new HTTPS connection (1): m-t1.vova.com.hk:443
Mon, 24 Aug 2020 15:09:01 connectionpool.py[line:428] DEBUG https://m-t1.vova.com.hk:443 "POST /api/v1/product/updateSkuImg HTTP/1.1" 200 None
Mon, 24 Aug 2020 15:09:04 connectionpool.py[line:955] DEBUG Starting new HTTPS connection (1): m-t1.vova.com.hk:443
Mon, 24 Aug 2020 15:09:04 connectionpool.py[line:428] DEBUG https://m-t1.vova.com.hk:443 "POST /api/v1/product/updateSkuImg HTTP/1.1" 401 None
Mon, 24 Aug 2020 15:09:06 connectionpool.py[line:955] DEBUG Starting new HTTPS connection (1): m-t1.vova.com.hk:443
Mon, 24 Aug 2020 15:09:07 connectionpool.py[line:428] DEBUG https://m-t1.vova.com.hk:443 "POST /api/v1/product/uploadSizeChart HTTP/1.1" 200 None
Mon, 24 Aug 2020 15:09:08 connectionpool.py[line:955] DEBUG Starting new HTTPS connection (1): m-t1.vova.com.hk:443
Mon, 24 Aug 2020 15:09:09 connectionpool.py[line:428] DEBUG https://m-t1.vova.com.hk:443 "POST /api/v1/product/uploadSizeChart HTTP/1.1" 200 None
Mon, 24 Aug 2020 15:09:11 connectionpool.py[line:955] DEBUG Starting new HTTPS connection (1): m-t1.vova.com.hk:443
Mon, 24 Aug 2020 15:09:12 connectionpool.py[line:428] DEBUG https://m-t1.vova.com.hk:443 "POST /api/v1/product/uploadSizeChart HTTP/1.1" 401 None
Mon, 24 Aug 2020 15:09:14 connectionpool.py[line:955] DEBUG Starting new HTTPS connection (1): m-t1.vova.com.hk:443
Mon, 24 Aug 2020 15:09:15 connectionpool.py[line:428] DEBUG https://m-t1.vova.com.hk:443 "POST /api/v1/product/uploadSizeChart HTTP/1.1" 200 None
