Tue, 01 Dec 2020 14:25:32 test_suite.py[line:25] DEBUG <unittest.suite.TestSuite tests=[<unittest.suite.TestSuite tests=[]>, <unittest.suite.TestSuite tests=[<unittest.suite.TestSuite tests=[<product.test_merchant_ableSale.AbleSale testMethod=test_ableSale1>, <product.test_merchant_ableSale.AbleSale testMethod=test_ableSale2>, <product.test_merchant_ableSale.AbleSale testMethod=test_ableSale3>]>]>, <unittest.suite.TestSuite tests=[<unittest.suite.TestSuite tests=[<product.test_merchant_addProductSku.AddProductSku testMethod=test_addProductSku1>, <product.test_merchant_addProductSku.AddProductSku testMethod=test_addProductSku2>, <product.test_merchant_addProductSku.AddProductSku testMethod=test_addProductSku3>, <product.test_merchant_addProductSku.AddProductSku testMethod=test_addProductSku4>]>]>, <unittest.suite.TestSuite tests=[<unittest.suite.TestSuite tests=[<product.test_merchant_disableSale.DisableSale testMethod=test_disableSale1>, <product.test_merchant_disableSale.DisableSale testMethod=test_disableSale2>, <product.test_merchant_disableSale.DisableSale testMethod=test_disableSale3>, <product.test_merchant_disableSale.DisableSale testMethod=test_disableSale4>, <product.test_merchant_disableSale.DisableSale testMethod=test_disableSale5>]>]>, <unittest.suite.TestSuite tests=[<unittest.suite.TestSuite tests=[<product.test_merchant_getAddSubSkuStatus.GetAddSubSkuStatus testMethod=test_getAddProductSku1>, <product.test_merchant_getAddSubSkuStatus.GetAddSubSkuStatus testMethod=test_getAddProductSku2>, <product.test_merchant_getAddSubSkuStatus.GetAddSubSkuStatus testMethod=test_getAddProductSku3>]>]>, <unittest.suite.TestSuite tests=[<unittest.suite.TestSuite tests=[<product.test_merchant_getGoodsCategory.GetGoodsCategory testMethod=test_getGoodsCategory1>, <product.test_merchant_getGoodsCategory.GetGoodsCategory testMethod=test_getGoodsCategory2>]>]>, <unittest.suite.TestSuite tests=[<unittest.suite.TestSuite tests=[<product.test_merchant_getProductImgInfo.GetProductImgInfo testMethod=test_getProductImgInfo1>, <product.test_merchant_getProductImgInfo.GetProductImgInfo testMethod=test_getProductImgInfo2>, <product.test_merchant_getProductImgInfo.GetProductImgInfo testMethod=test_getProductImgInfo3>]>]>, <unittest.suite.TestSuite tests=[<unittest.suite.TestSuite tests=[<product.test_merchant_getUploadGoodsStatus.GetUploadGoodsStatus testMethod=test_getUploadGoodsStatus1>, <product.test_merchant_getUploadGoodsStatus.GetUploadGoodsStatus testMethod=test_getUploadGoodsStatus2>, <product.test_merchant_getUploadGoodsStatus.GetUploadGoodsStatus testMethod=test_getUploadGoodsStatus3>]>]>, <unittest.suite.TestSuite tests=[<unittest.suite.TestSuite tests=[<product.test_merchant_login.TestLogin testMethod=test_login1>, <product.test_merchant_login.TestLogin testMethod=test_login2>, <product.test_merchant_login.TestLogin testMethod=test_login3>, <product.test_merchant_login.TestLogin testMethod=test_login4>, <product.test_merchant_login.TestLogin testMethod=test_login5>]>]>, <unittest.suite.TestSuite tests=[<unittest.suite.TestSuite tests=[<product.test_merchant_loginOut.LoginOut testMethod=test_login_out>]>]>, <unittest.suite.TestSuite tests=[<unittest.suite.TestSuite tests=[<product.test_merchant_updateRegionShippingFee.UpdateRegionShippingFee testMethod=test_updateRegionShippingFee1>, <product.test_merchant_updateRegionShippingFee.UpdateRegionShippingFee testMethod=test_updateRegionShippingFee2>, <product.test_merchant_updateRegionShippingFee.UpdateRegionShippingFee testMethod=test_updateRegionShippingFee3>]>]>, <unittest.suite.TestSuite tests=[<unittest.suite.TestSuite tests=[<product.test_merchant_updateSkuImg.UpdateSkuImg testMethod=test_updateSkuImg1>, <product.test_merchant_updateSkuImg.UpdateSkuImg testMethod=test_updateSkuImg2>, <product.test_merchant_updateSkuImg.UpdateSkuImg testMethod=test_updateSkuImg3>, <product.test_merchant_updateSkuImg.UpdateSkuImg testMethod=test_updateSkuImg4>, <product.test_merchant_updateSkuImg.UpdateSkuImg testMethod=test_updateSkuImg5>]>]>, <unittest.suite.TestSuite tests=[<unittest.suite.TestSuite tests=[<product.test_merchant_uploadSizeChart.UploadSizeChart testMethod=test_uploadSizeChart1>, <product.test_merchant_uploadSizeChart.UploadSizeChart testMethod=test_uploadSizeChart2>, <product.test_merchant_uploadSizeChart.UploadSizeChart testMethod=test_uploadSizeChart3>, <product.test_merchant_uploadSizeChart.UploadSizeChart testMethod=test_uploadSizeChart4>]>]>]>
Tue, 01 Dec 2020 14:25:36 connectionpool.py[line:955] DEBUG Starting new HTTPS connection (1): m-t1.vova.com.hk:443
Tue, 01 Dec 2020 14:25:40 connectionpool.py[line:428] DEBUG https://m-t1.vova.com.hk:443 "POST /api/v1/product/enableSale HTTP/1.1" 200 None
Tue, 01 Dec 2020 14:25:40 connectionpool.py[line:428] DEBUG https://m-t1.vova.com.hk:443 "POST /api/v1/product/enableSale HTTP/1.1" 200 None
Tue, 01 Dec 2020 14:25:40 connectionpool.py[line:428] DEBUG https://m-t1.vova.com.hk:443 "POST /api/v1/product/enableSale HTTP/1.1" 401 None
Tue, 01 Dec 2020 14:25:40 connectionpool.py[line:955] DEBUG Starting new HTTPS connection (1): m-t1.vova.com.hk:443
Tue, 01 Dec 2020 14:25:41 connectionpool.py[line:428] DEBUG https://m-t1.vova.com.hk:443 "POST /api/v1/product/addProductSku HTTP/1.1" 200 None
Tue, 01 Dec 2020 14:25:42 connectionpool.py[line:428] DEBUG https://m-t1.vova.com.hk:443 "POST /api/v1/product/addProductSku HTTP/1.1" 200 None
Tue, 01 Dec 2020 14:25:42 connectionpool.py[line:428] DEBUG https://m-t1.vova.com.hk:443 "POST /api/v1/product/addProductSku HTTP/1.1" 200 None
Tue, 01 Dec 2020 14:25:42 connectionpool.py[line:428] DEBUG https://m-t1.vova.com.hk:443 "POST /api/v1/product/addProductSku HTTP/1.1" 401 None
Tue, 01 Dec 2020 14:25:52 connectionpool.py[line:955] DEBUG Starting new HTTPS connection (1): m-t1.vova.com.hk:443
Tue, 01 Dec 2020 14:25:55 connectionpool.py[line:428] DEBUG https://m-t1.vova.com.hk:443 "POST /api/v1/product/disableSale HTTP/1.1" 200 None
Tue, 01 Dec 2020 14:25:56 connectionpool.py[line:428] DEBUG https://m-t1.vova.com.hk:443 "POST /api/v1/product/disableSale HTTP/1.1" 200 None
Tue, 01 Dec 2020 14:25:56 connectionpool.py[line:428] DEBUG https://m-t1.vova.com.hk:443 "POST /api/v1/product/disableSale HTTP/1.1" 200 None
Tue, 01 Dec 2020 14:25:56 connectionpool.py[line:428] DEBUG https://m-t1.vova.com.hk:443 "POST /api/v1/product/disableSale HTTP/1.1" 200 None
Tue, 01 Dec 2020 14:25:56 connectionpool.py[line:428] DEBUG https://m-t1.vova.com.hk:443 "POST /api/v1/product/disableSale HTTP/1.1" 401 None
Tue, 01 Dec 2020 14:25:56 connectionpool.py[line:937] DEBUG Starting new HTTPS connection (1): m-t1.vova.com.hk:443
Tue, 01 Dec 2020 14:25:58 connectionpool.py[line:433] DEBUG https://m-t1.vova.com.hk:443 "POST /api/v1/product/getAddSubSkuStatus HTTP/1.1" 200 None
Tue, 01 Dec 2020 14:25:58 connectionpool.py[line:433] DEBUG https://m-t1.vova.com.hk:443 "POST /api/v1/product/getAddSubSkuStatus HTTP/1.1" 401 None
Tue, 01 Dec 2020 14:25:59 connectionpool.py[line:433] DEBUG https://m-t1.vova.com.hk:443 "POST /api/v1/product/getAddSubSkuStatus HTTP/1.1" 200 None
Tue, 01 Dec 2020 14:25:59 connectionpool.py[line:955] DEBUG Starting new HTTPS connection (1): m-t1.vova.com.hk:443
Tue, 01 Dec 2020 14:26:01 connectionpool.py[line:428] DEBUG https://m-t1.vova.com.hk:443 "GET /api/v1/product/getGoodsCategory?token=eyJ0eXAiOiJKV1QiLCJhbGciOiJIUzI1NiJ9.eyJpYXQiOjE1NDEzOTAxNjYsInNjb3BlIjpbImdldCIsInBvc3QiXSwidWlkIjoiMSIsInVOYW1lIjoiMjMzIn0.-KEPLW5z7egKrnSIL4UBL5zGdwgzS77Gxi4NNvnxMpo HTTP/1.1" 200 None
Tue, 01 Dec 2020 14:26:01 connectionpool.py[line:428] DEBUG https://m-t1.vova.com.hk:443 "GET /api/v1/product/getGoodsCategory?token=e HTTP/1.1" 401 None
Tue, 01 Dec 2020 14:26:06 connectionpool.py[line:955] DEBUG Starting new HTTPS connection (1): m-t1.vova.com.hk:443
Tue, 01 Dec 2020 14:26:08 connectionpool.py[line:428] DEBUG https://m-t1.vova.com.hk:443 "GET /api/v1/product/getProductImgInfo?token=eyJ0eXAiOiJKV1QiLCJhbGciOiJIUzI1NiJ9.eyJpYXQiOjE1NDEzOTAxNjYsInNjb3BlIjpbImdldCIsInBvc3QiXSwidWlkIjoiMSIsInVOYW1lIjoiMjMzIn0.-KEPLW5z7egKrnSIL4UBL5zGdwgzS77Gxi4NNvnxMpo&product_id=1012908 HTTP/1.1" 200 None
Tue, 01 Dec 2020 14:26:08 connectionpool.py[line:428] DEBUG https://m-t1.vova.com.hk:443 "GET /api/v1/product/getProductImgInfo?token=e&product_id=1012909 HTTP/1.1" 401 None
Tue, 01 Dec 2020 14:26:09 connectionpool.py[line:428] DEBUG https://m-t1.vova.com.hk:443 "GET /api/v1/product/getProductImgInfo?token=eyJ0eXAiOiJKV1QiLCJhbGciOiJIUzI1NiJ9.eyJpYXQiOjE1NDEzOTAxNjYsInNjb3BlIjpbImdldCIsInBvc3QiXSwidWlkIjoiMSIsInVOYW1lIjoiMjMzIn0.-KEPLW5z7egKrnSIL4UBL5zGdwgzS77Gxi4NNvnxMpo&product_id= HTTP/1.1" 200 None
Tue, 01 Dec 2020 14:26:09 connectionpool.py[line:937] DEBUG Starting new HTTPS connection (1): m-t1.vova.com.hk:443
Tue, 01 Dec 2020 14:26:11 connectionpool.py[line:433] DEBUG https://m-t1.vova.com.hk:443 "POST /index.php?q=admin/main/index/login HTTP/1.1" 200 None
Tue, 01 Dec 2020 14:26:11 connectionpool.py[line:433] DEBUG https://m-t1.vova.com.hk:443 "POST /index.php?q=admin/main/index/login HTTP/1.1" 200 None
Tue, 01 Dec 2020 14:26:11 connectionpool.py[line:433] DEBUG https://m-t1.vova.com.hk:443 "POST /index.php?q=admin/main/index/login HTTP/1.1" 200 None
Tue, 01 Dec 2020 14:26:11 connectionpool.py[line:433] DEBUG https://m-t1.vova.com.hk:443 "POST /index.php?q=admin/main/index/login HTTP/1.1" 200 None
Tue, 01 Dec 2020 14:26:13 connectionpool.py[line:433] DEBUG https://m-t1.vova.com.hk:443 "POST /index.php?q=admin/main/index/login HTTP/1.1" 200 None
Tue, 01 Dec 2020 14:26:13 connectionpool.py[line:937] DEBUG Starting new HTTPS connection (1): m-t1.vova.com.hk:443
Tue, 01 Dec 2020 14:26:17 connectionpool.py[line:433] DEBUG https://m-t1.vova.com.hk:443 "GET /index.php?q=admin/main/index/logout HTTP/1.1" 302 None
Tue, 01 Dec 2020 14:26:35 connectionpool.py[line:955] DEBUG Starting new HTTPS connection (1): m-t1.vova.com.hk:443
Tue, 01 Dec 2020 14:26:42 connectionpool.py[line:428] DEBUG https://m-t1.vova.com.hk:443 "POST /api/v1/product/updateRegionShippingFee HTTP/1.1" 200 None
Tue, 01 Dec 2020 14:26:42 connectionpool.py[line:428] DEBUG https://m-t1.vova.com.hk:443 "POST /api/v1/product/updateRegionShippingFee HTTP/1.1" 401 None
Tue, 01 Dec 2020 14:26:42 connectionpool.py[line:428] DEBUG https://m-t1.vova.com.hk:443 "POST /api/v1/product/updateRegionShippingFee HTTP/1.1" 200 None
Tue, 01 Dec 2020 14:27:05 connectionpool.py[line:955] DEBUG Starting new HTTPS connection (1): m-t1.vova.com.hk:443
Tue, 01 Dec 2020 14:27:06 connectionpool.py[line:428] DEBUG https://m-t1.vova.com.hk:443 "POST /api/v1/product/updateSkuImg HTTP/1.1" 200 None
Tue, 01 Dec 2020 14:27:06 connectionpool.py[line:428] DEBUG https://m-t1.vova.com.hk:443 "POST /api/v1/product/updateSkuImg HTTP/1.1" 401 None
Tue, 01 Dec 2020 14:27:06 connectionpool.py[line:428] DEBUG https://m-t1.vova.com.hk:443 "POST /api/v1/product/updateSkuImg HTTP/1.1" 200 None
Tue, 01 Dec 2020 14:27:07 connectionpool.py[line:428] DEBUG https://m-t1.vova.com.hk:443 "POST /api/v1/product/updateSkuImg HTTP/1.1" 200 None
Tue, 01 Dec 2020 14:27:07 connectionpool.py[line:428] DEBUG https://m-t1.vova.com.hk:443 "POST /api/v1/product/updateSkuImg HTTP/1.1" 200 None
Tue, 01 Dec 2020 14:27:18 connectionpool.py[line:955] DEBUG Starting new HTTPS connection (1): m-t1.vova.com.hk:443
Tue, 01 Dec 2020 14:27:20 connectionpool.py[line:428] DEBUG https://m-t1.vova.com.hk:443 "POST /api/v1/product/uploadSizeChart HTTP/1.1" 200 None
Tue, 01 Dec 2020 14:27:21 connectionpool.py[line:428] DEBUG https://m-t1.vova.com.hk:443 "POST /api/v1/product/uploadSizeChart HTTP/1.1" 401 None
Tue, 01 Dec 2020 14:27:21 connectionpool.py[line:428] DEBUG https://m-t1.vova.com.hk:443 "POST /api/v1/product/uploadSizeChart HTTP/1.1" 200 None
Tue, 01 Dec 2020 14:27:21 connectionpool.py[line:428] DEBUG https://m-t1.vova.com.hk:443 "POST /api/v1/product/uploadSizeChart HTTP/1.1" 200 None
